2021-07-15 06:06:39 +0000  Refreshed authentication context for Application Loader <<ITunesAuthenticationContextImpl: 0x138f0a6b0>: token: (null), headers: {
    "X-Apple-App-Info" = "com.apple.gs.xcode.auth";
    "X-Apple-GS-Token" = "AAAABLwIAAAAAGDSJdgRDWdzLnhjb2RlLmF1dGi9AAacCXqOmHtU4psloU4DZua+TqdFqQM7swyRV+iqjGuLsxbHMkH2S967EpFN7NcttD3B6BB61DqQ+wqIXrjvdYTS1z2gcMT1A1UHo4jcNtqtC9FSCdf9LDVHhQt7QeOKvKpza8HY+fTZT1sPtuXeFuahmuTJ";
    "X-Apple-I-Client-Time" = "2021-07-15T06:06:39Z";
    "X-Apple-I-Identity-Id" = "000089-08-e2d6fa8c-f38d-4b92-9335-fdb0e1ee3ead";
    "X-Apple-I-Locale" = "en_CN";
    "X-Apple-I-MD" = "AAAABQAAABBGJV6NuAa23TMk4EpeLOQgAAAAAQ==";
    "X-Apple-I-MD-LU" = 7BD8C0C1EF63F4FF4EBE3E538BCE31D766A9DE28FDAD41D7C56C015B0C67ED00;
    "X-Apple-I-MD-M" = "3fVAN1ELR+R0+AXlZDSyJteghKwKcS8uQYN21Faj6+h/pk/E4u7ft9MZf5WmG0JckfTaHtS7R1bX/Y0E";
    "X-Apple-I-MD-RINFO" = 50660608;
    "X-Apple-I-TimeZone" = "GMT+8";
    "X-MMe-Client-Info" = "<MacBookPro17,1> <macOS;11.2;20D53> <com.apple.AuthKit/1 (com.apple.dt.Xcode.ITunesSoftwareService/17715)>";
    "X-Mme-Device-Id" = "12FEAF6C-C954-5F13-AAEF-331D7DB4B611";
}>
2021-07-15 06:06:40 +0000  Will refresh authentication context for Application Loader <<ITunesAuthenticationContextImpl: 0x138f0a6b0>: token: (null), headers: {
    "X-Apple-App-Info" = "com.apple.gs.xcode.auth";
    "X-Apple-GS-Token" = "AAAABLwIAAAAAGDSJdgRDWdzLnhjb2RlLmF1dGi9AAacCXqOmHtU4psloU4DZua+TqdFqQM7swyRV+iqjGuLsxbHMkH2S967EpFN7NcttD3B6BB61DqQ+wqIXrjvdYTS1z2gcMT1A1UHo4jcNtqtC9FSCdf9LDVHhQt7QeOKvKpza8HY+fTZT1sPtuXeFuahmuTJ";
    "X-Apple-I-Client-Time" = "2021-07-15T06:06:39Z";
    "X-Apple-I-Identity-Id" = "000089-08-e2d6fa8c-f38d-4b92-9335-fdb0e1ee3ead";
    "X-Apple-I-Locale" = "en_CN";
    "X-Apple-I-MD" = "AAAABQAAABBGJV6NuAa23TMk4EpeLOQgAAAAAQ==";
    "X-Apple-I-MD-LU" = 7BD8C0C1EF63F4FF4EBE3E538BCE31D766A9DE28FDAD41D7C56C015B0C67ED00;
    "X-Apple-I-MD-M" = "3fVAN1ELR+R0+AXlZDSyJteghKwKcS8uQYN21Faj6+h/pk/E4u7ft9MZf5WmG0JckfTaHtS7R1bX/Y0E";
    "X-Apple-I-MD-RINFO" = 50660608;
    "X-Apple-I-TimeZone" = "GMT+8";
    "X-MMe-Client-Info" = "<MacBookPro17,1> <macOS;11.2;20D53> <com.apple.AuthKit/1 (com.apple.dt.Xcode.ITunesSoftwareService/17715)>";
    "X-Mme-Device-Id" = "12FEAF6C-C954-5F13-AAEF-331D7DB4B611";
}>
2021-07-15 06:06:40 +0000  Refreshed authentication context for Application Loader <<ITunesAuthenticationContextImpl: 0x138f0a6b0>: token: (null), headers: {
    "X-Apple-App-Info" = "com.apple.gs.xcode.auth";
    "X-Apple-GS-Token" = "AAAABLwIAAAAAGDSJdgRDWdzLnhjb2RlLmF1dGi9AAacCXqOmHtU4psloU4DZua+TqdFqQM7swyRV+iqjGuLsxbHMkH2S967EpFN7NcttD3B6BB61DqQ+wqIXrjvdYTS1z2gcMT1A1UHo4jcNtqtC9FSCdf9LDVHhQt7QeOKvKpza8HY+fTZT1sPtuXeFuahmuTJ";
    "X-Apple-I-Client-Time" = "2021-07-15T06:06:40Z";
    "X-Apple-I-Identity-Id" = "000089-08-e2d6fa8c-f38d-4b92-9335-fdb0e1ee3ead";
    "X-Apple-I-Locale" = "en_CN";
    "X-Apple-I-MD" = "AAAABQAAABBGJV6NuAa23TMk4EpeLOQgAAAAAQ==";
    "X-Apple-I-MD-LU" = 7BD8C0C1EF63F4FF4EBE3E538BCE31D766A9DE28FDAD41D7C56C015B0C67ED00;
    "X-Apple-I-MD-M" = "3fVAN1ELR+R0+AXlZDSyJteghKwKcS8uQYN21Faj6+h/pk/E4u7ft9MZf5WmG0JckfTaHtS7R1bX/Y0E";
    "X-Apple-I-MD-RINFO" = 50660608;
    "X-Apple-I-TimeZone" = "GMT+8";
    "X-MMe-Client-Info" = "<MacBookPro17,1> <macOS;11.2;20D53> <com.apple.AuthKit/1 (com.apple.dt.Xcode.ITunesSoftwareService/17715)>";
    "X-Mme-Device-Id" = "12FEAF6C-C954-5F13-AAEF-331D7DB4B611";
}>
2021-07-15 06:06:42 +0000  App Store Connect applications response: <IDEITunesConnectApplicationsResponse: 0x13980c310; isSuccessful='1', errors='(
)', warnings='(
)', infoMessages='(
)', applications='(
    "<IDEITunesConnectApplicationDescription: 0x13980c440; adamID='1472711964', name='GogoTalk\U5c11\U513f\U82f1\U8bed', displayableDescription='GogoTalk\U5c11\U513f\U82f1\U8bed 2.1.5 (iOS App)', platformIdentifier='com.apple.platform.iphoneos', bundleIdentifier='com.gogo-talk.HarvardEngLishCourse-iPhone', didOptInToMacAppStore='1'>",
    "<IDEITunesConnectApplicationDescription: 0x13980c480; adamID='1575179764', name='\U4e3b\U8bb2\U5de5\U4f5c\U53f0', displayableDescription='\U4e3b\U8bb2\U5de5\U4f5c\U53f0 1.0 (iOS App)', platformIdentifier='com.apple.platform.iphoneos', bundleIdentifier='com.gaotu100.speakerhelper', didOptInToMacAppStore='1'>",
    "<IDEITunesConnectApplicationDescription: 0x13980c4c0; adamID='1550124468', name='\U9ad8\U9014\U4e3b\U8bb2', displayableDescription='\U9ad8\U9014\U4e3b\U8bb2 1.0 (iOS App)', platformIdentifier='com.apple.platform.iphoneos', bundleIdentifier='com.gaotu100.teacher', didOptInToMacAppStore='1'>",
    "<IDEITunesConnectApplicationDescription: 0x13980c500; adamID='1168617827', name='\U9ad8\U9014\U8bfe\U5802-\U540d\U5e08\U51fa\U9ad8\U5f92 \U7f51\U8bfe\U9009\U9ad8\U9014', displayableDescription='\U9ad8\U9014\U8bfe\U5802-\U540d\U5e08\U51fa\U9ad8\U5f92 \U7f51\U8bfe\U9009\U9ad8\U9014 1.0 (macOS App)', platformIdentifier='com.apple.platform.iphoneos', bundleIdentifier='com.gaotu100.superclass', didOptInToMacAppStore='0'>",
    "<IDEITunesConnectApplicationDescription: 0x13980c540; adamID='1168617827', name='\U9ad8\U9014\U8bfe\U5802-\U540d\U5e08\U51fa\U9ad8\U5f92 \U7f51\U8bfe\U9009\U9ad8\U9014', displayableDescription='\U9ad8\U9014\U8bfe\U5802-\U540d\U5e08\U51fa\U9ad8\U5f92 \U7f51\U8bfe\U9009\U9ad8\U9014 4.26.1 (iOS App)', platformIdentifier='com.apple.platform.macosx', bundleIdentifier='com.gaotu100.superclass', didOptInToMacAppStore='0'>"
)'>; error: (null)
2021-07-15 06:06:42 +0000  Will refresh authentication context for Application Loader <<ITunesAuthenticationContextImpl: 0x138f0a6b0>: token: (null), headers: {
    "X-Apple-App-Info" = "com.apple.gs.xcode.auth";
    "X-Apple-GS-Token" = "AAAABLwIAAAAAGDSJdgRDWdzLnhjb2RlLmF1dGi9AAacCXqOmHtU4psloU4DZua+TqdFqQM7swyRV+iqjGuLsxbHMkH2S967EpFN7NcttD3B6BB61DqQ+wqIXrjvdYTS1z2gcMT1A1UHo4jcNtqtC9FSCdf9LDVHhQt7QeOKvKpza8HY+fTZT1sPtuXeFuahmuTJ";
    "X-Apple-I-Client-Time" = "2021-07-15T06:06:40Z";
    "X-Apple-I-Identity-Id" = "000089-08-e2d6fa8c-f38d-4b92-9335-fdb0e1ee3ead";
    "X-Apple-I-Locale" = "en_CN";
    "X-Apple-I-MD" = "AAAABQAAABBGJV6NuAa23TMk4EpeLOQgAAAAAQ==";
    "X-Apple-I-MD-LU" = 7BD8C0C1EF63F4FF4EBE3E538BCE31D766A9DE28FDAD41D7C56C015B0C67ED00;
    "X-Apple-I-MD-M" = "3fVAN1ELR+R0+AXlZDSyJteghKwKcS8uQYN21Faj6+h/pk/E4u7ft9MZf5WmG0JckfTaHtS7R1bX/Y0E";
    "X-Apple-I-MD-RINFO" = 50660608;
    "X-Apple-I-TimeZone" = "GMT+8";
    "X-MMe-Client-Info" = "<MacBookPro17,1> <macOS;11.2;20D53> <com.apple.AuthKit/1 (com.apple.dt.Xcode.ITunesSoftwareService/17715)>";
    "X-Mme-Device-Id" = "12FEAF6C-C954-5F13-AAEF-331D7DB4B611";
}>
2021-07-15 06:06:42 +0000  Will refresh authentication context for Application Loader <<ITunesAuthenticationContextImpl: 0x138f0a6b0>: token: (null), headers: {
    "X-Apple-App-Info" = "com.apple.gs.xcode.auth";
    "X-Apple-GS-Token" = "AAAABLwIAAAAAGDSJdgRDWdzLnhjb2RlLmF1dGi9AAacCXqOmHtU4psloU4DZua+TqdFqQM7swyRV+iqjGuLsxbHMkH2S967EpFN7NcttD3B6BB61DqQ+wqIXrjvdYTS1z2gcMT1A1UHo4jcNtqtC9FSCdf9LDVHhQt7QeOKvKpza8HY+fTZT1sPtuXeFuahmuTJ";
    "X-Apple-I-Client-Time" = "2021-07-15T06:06:40Z";
    "X-Apple-I-Identity-Id" = "000089-08-e2d6fa8c-f38d-4b92-9335-fdb0e1ee3ead";
    "X-Apple-I-Locale" = "en_CN";
    "X-Apple-I-MD" = "AAAABQAAABBGJV6NuAa23TMk4EpeLOQgAAAAAQ==";
    "X-Apple-I-MD-LU" = 7BD8C0C1EF63F4FF4EBE3E538BCE31D766A9DE28FDAD41D7C56C015B0C67ED00;
    "X-Apple-I-MD-M" = "3fVAN1ELR+R0+AXlZDSyJteghKwKcS8uQYN21Faj6+h/pk/E4u7ft9MZf5WmG0JckfTaHtS7R1bX/Y0E";
    "X-Apple-I-MD-RINFO" = 50660608;
    "X-Apple-I-TimeZone" = "GMT+8";
    "X-MMe-Client-Info" = "<MacBookPro17,1> <macOS;11.2;20D53> <com.apple.AuthKit/1 (com.apple.dt.Xcode.ITunesSoftwareService/17715)>";
    "X-Mme-Device-Id" = "12FEAF6C-C954-5F13-AAEF-331D7DB4B611";
}>
2021-07-15 06:06:42 +0000  Will refresh authentication context for Application Loader <<ITunesAuthenticationContextImpl: 0x138f0a6b0>: token: (null), headers: {
    "X-Apple-App-Info" = "com.apple.gs.xcode.auth";
    "X-Apple-GS-Token" = "AAAABLwIAAAAAGDSJdgRDWdzLnhjb2RlLmF1dGi9AAacCXqOmHtU4psloU4DZua+TqdFqQM7swyRV+iqjGuLsxbHMkH2S967EpFN7NcttD3B6BB61DqQ+wqIXrjvdYTS1z2gcMT1A1UHo4jcNtqtC9FSCdf9LDVHhQt7QeOKvKpza8HY+fTZT1sPtuXeFuahmuTJ";
    "X-Apple-I-Client-Time" = "2021-07-15T06:06:40Z";
    "X-Apple-I-Identity-Id" = "000089-08-e2d6fa8c-f38d-4b92-9335-fdb0e1ee3ead";
    "X-Apple-I-Locale" = "en_CN";
    "X-Apple-I-MD" = "AAAABQAAABBGJV6NuAa23TMk4EpeLOQgAAAAAQ==";
    "X-Apple-I-MD-LU" = 7BD8C0C1EF63F4FF4EBE3E538BCE31D766A9DE28FDAD41D7C56C015B0C67ED00;
    "X-Apple-I-MD-M" = "3fVAN1ELR+R0+AXlZDSyJteghKwKcS8uQYN21Faj6+h/pk/E4u7ft9MZf5WmG0JckfTaHtS7R1bX/Y0E";
    "X-Apple-I-MD-RINFO" = 50660608;
    "X-Apple-I-TimeZone" = "GMT+8";
    "X-MMe-Client-Info" = "<MacBookPro17,1> <macOS;11.2;20D53> <com.apple.AuthKit/1 (com.apple.dt.Xcode.ITunesSoftwareService/17715)>";
    "X-Mme-Device-Id" = "12FEAF6C-C954-5F13-AAEF-331D7DB4B611";
}>
2021-07-15 06:06:42 +0000  Will refresh authentication context for Application Loader <<ITunesAuthenticationContextImpl: 0x138f0a6b0>: token: (null), headers: {
    "X-Apple-App-Info" = "com.apple.gs.xcode.auth";
    "X-Apple-GS-Token" = "AAAABLwIAAAAAGDSJdgRDWdzLnhjb2RlLmF1dGi9AAacCXqOmHtU4psloU4DZua+TqdFqQM7swyRV+iqjGuLsxbHMkH2S967EpFN7NcttD3B6BB61DqQ+wqIXrjvdYTS1z2gcMT1A1UHo4jcNtqtC9FSCdf9LDVHhQt7QeOKvKpza8HY+fTZT1sPtuXeFuahmuTJ";
    "X-Apple-I-Client-Time" = "2021-07-15T06:06:40Z";
    "X-Apple-I-Identity-Id" = "000089-08-e2d6fa8c-f38d-4b92-9335-fdb0e1ee3ead";
    "X-Apple-I-Locale" = "en_CN";
    "X-Apple-I-MD" = "AAAABQAAABBGJV6NuAa23TMk4EpeLOQgAAAAAQ==";
    "X-Apple-I-MD-LU" = 7BD8C0C1EF63F4FF4EBE3E538BCE31D766A9DE28FDAD41D7C56C015B0C67ED00;
    "X-Apple-I-MD-M" = "3fVAN1ELR+R0+AXlZDSyJteghKwKcS8uQYN21Faj6+h/pk/E4u7ft9MZf5WmG0JckfTaHtS7R1bX/Y0E";
    "X-Apple-I-MD-RINFO" = 50660608;
    "X-Apple-I-TimeZone" = "GMT+8";
    "X-MMe-Client-Info" = "<MacBookPro17,1> <macOS;11.2;20D53> <com.apple.AuthKit/1 (com.apple.dt.Xcode.ITunesSoftwareService/17715)>";
    "X-Mme-Device-Id" = "12FEAF6C-C954-5F13-AAEF-331D7DB4B611";
}>
2021-07-15 06:06:42 +0000  Refreshed authentication context for Application Loader <<ITunesAuthenticationContextImpl: 0x138f0a6b0>: token: (null), headers: {
    "X-Apple-App-Info" = "com.apple.gs.xcode.auth";
    "X-Apple-GS-Token" = "AAAABLwIAAAAAGDSJdgRDWdzLnhjb2RlLmF1dGi9AAacCXqOmHtU4psloU4DZua+TqdFqQM7swyRV+iqjGuLsxbHMkH2S967EpFN7NcttD3B6BB61DqQ+wqIXrjvdYTS1z2gcMT1A1UHo4jcNtqtC9FSCdf9LDVHhQt7QeOKvKpza8HY+fTZT1sPtuXeFuahmuTJ";
    "X-Apple-I-Client-Time" = "2021-07-15T06:06:42Z";
    "X-Apple-I-Identity-Id" = "000089-08-e2d6fa8c-f38d-4b92-9335-fdb0e1ee3ead";
    "X-Apple-I-Locale" = "en_CN";
    "X-Apple-I-MD" = "AAAABQAAABBGJV6NuAa23TMk4EpeLOQgAAAAAQ==";
    "X-Apple-I-MD-LU" = 7BD8C0C1EF63F4FF4EBE3E538BCE31D766A9DE28FDAD41D7C56C015B0C67ED00;
    "X-Apple-I-MD-M" = "3fVAN1ELR+R0+AXlZDSyJteghKwKcS8uQYN21Faj6+h/pk/E4u7ft9MZf5WmG0JckfTaHtS7R1bX/Y0E";
    "X-Apple-I-MD-RINFO" = 50660608;
    "X-Apple-I-TimeZone" = "GMT+8";
    "X-MMe-Client-Info" = "<MacBookPro17,1> <macOS;11.2;20D53> <com.apple.AuthKit/1 (com.apple.dt.Xcode.ITunesSoftwareService/17715)>";
    "X-Mme-Device-Id" = "12FEAF6C-C954-5F13-AAEF-331D7DB4B611";
}>
2021-07-15 06:06:42 +0000  Refreshed authentication context for Application Loader <<ITunesAuthenticationContextImpl: 0x138f0a6b0>: token: (null), headers: {
    "X-Apple-App-Info" = "com.apple.gs.xcode.auth";
    "X-Apple-GS-Token" = "AAAABLwIAAAAAGDSJdgRDWdzLnhjb2RlLmF1dGi9AAacCXqOmHtU4psloU4DZua+TqdFqQM7swyRV+iqjGuLsxbHMkH2S967EpFN7NcttD3B6BB61DqQ+wqIXrjvdYTS1z2gcMT1A1UHo4jcNtqtC9FSCdf9LDVHhQt7QeOKvKpza8HY+fTZT1sPtuXeFuahmuTJ";
    "X-Apple-I-Client-Time" = "2021-07-15T06:06:42Z";
    "X-Apple-I-Identity-Id" = "000089-08-e2d6fa8c-f38d-4b92-9335-fdb0e1ee3ead";
    "X-Apple-I-Locale" = "en_CN";
    "X-Apple-I-MD" = "AAAABQAAABBGJV6NuAa23TMk4EpeLOQgAAAAAQ==";
    "X-Apple-I-MD-LU" = 7BD8C0C1EF63F4FF4EBE3E538BCE31D766A9DE28FDAD41D7C56C015B0C67ED00;
    "X-Apple-I-MD-M" = "3fVAN1ELR+R0+AXlZDSyJteghKwKcS8uQYN21Faj6+h/pk/E4u7ft9MZf5WmG0JckfTaHtS7R1bX/Y0E";
    "X-Apple-I-MD-RINFO" = 50660608;
    "X-Apple-I-TimeZone" = "GMT+8";
    "X-MMe-Client-Info" = "<MacBookPro17,1> <macOS;11.2;20D53> <com.apple.AuthKit/1 (com.apple.dt.Xcode.ITunesSoftwareService/17715)>";
    "X-Mme-Device-Id" = "12FEAF6C-C954-5F13-AAEF-331D7DB4B611";
}>
2021-07-15 06:06:42 +0000  Refreshed authentication context for Application Loader <<ITunesAuthenticationContextImpl: 0x138f0a6b0>: token: (null), headers: {
    "X-Apple-App-Info" = "com.apple.gs.xcode.auth";
    "X-Apple-GS-Token" = "AAAABLwIAAAAAGDSJdgRDWdzLnhjb2RlLmF1dGi9AAacCXqOmHtU4psloU4DZua+TqdFqQM7swyRV+iqjGuLsxbHMkH2S967EpFN7NcttD3B6BB61DqQ+wqIXrjvdYTS1z2gcMT1A1UHo4jcNtqtC9FSCdf9LDVHhQt7QeOKvKpza8HY+fTZT1sPtuXeFuahmuTJ";
    "X-Apple-I-Client-Time" = "2021-07-15T06:06:42Z";
    "X-Apple-I-Identity-Id" = "000089-08-e2d6fa8c-f38d-4b92-9335-fdb0e1ee3ead";
    "X-Apple-I-Locale" = "en_CN";
    "X-Apple-I-MD" = "AAAABQAAABBGJV6NuAa23TMk4EpeLOQgAAAAAQ==";
    "X-Apple-I-MD-LU" = 7BD8C0C1EF63F4FF4EBE3E538BCE31D766A9DE28FDAD41D7C56C015B0C67ED00;
    "X-Apple-I-MD-M" = "3fVAN1ELR+R0+AXlZDSyJteghKwKcS8uQYN21Faj6+h/pk/E4u7ft9MZf5WmG0JckfTaHtS7R1bX/Y0E";
    "X-Apple-I-MD-RINFO" = 50660608;
    "X-Apple-I-TimeZone" = "GMT+8";
    "X-MMe-Client-Info" = "<MacBookPro17,1> <macOS;11.2;20D53> <com.apple.AuthKit/1 (com.apple.dt.Xcode.ITunesSoftwareService/17715)>";
    "X-Mme-Device-Id" = "12FEAF6C-C954-5F13-AAEF-331D7DB4B611";
}>
2021-07-15 06:06:42 +0000  Refreshed authentication context for Application Loader <<ITunesAuthenticationContextImpl: 0x138f0a6b0>: token: (null), headers: {
    "X-Apple-App-Info" = "com.apple.gs.xcode.auth";
    "X-Apple-GS-Token" = "AAAABLwIAAAAAGDSJdgRDWdzLnhjb2RlLmF1dGi9AAacCXqOmHtU4psloU4DZua+TqdFqQM7swyRV+iqjGuLsxbHMkH2S967EpFN7NcttD3B6BB61DqQ+wqIXrjvdYTS1z2gcMT1A1UHo4jcNtqtC9FSCdf9LDVHhQt7QeOKvKpza8HY+fTZT1sPtuXeFuahmuTJ";
    "X-Apple-I-Client-Time" = "2021-07-15T06:06:42Z";
    "X-Apple-I-Identity-Id" = "000089-08-e2d6fa8c-f38d-4b92-9335-fdb0e1ee3ead";
    "X-Apple-I-Locale" = "en_CN";
    "X-Apple-I-MD" = "AAAABQAAABBGJV6NuAa23TMk4EpeLOQgAAAAAQ==";
    "X-Apple-I-MD-LU" = 7BD8C0C1EF63F4FF4EBE3E538BCE31D766A9DE28FDAD41D7C56C015B0C67ED00;
    "X-Apple-I-MD-M" = "3fVAN1ELR+R0+AXlZDSyJteghKwKcS8uQYN21Faj6+h/pk/E4u7ft9MZf5WmG0JckfTaHtS7R1bX/Y0E";
    "X-Apple-I-MD-RINFO" = 50660608;
    "X-Apple-I-TimeZone" = "GMT+8";
    "X-MMe-Client-Info" = "<MacBookPro17,1> <macOS;11.2;20D53> <com.apple.AuthKit/1 (com.apple.dt.Xcode.ITunesSoftwareService/17715)>";
    "X-Mme-Device-Id" = "12FEAF6C-C954-5F13-AAEF-331D7DB4B611";
}>
2021-07-15 06:06:43 +0000  App Store Connect versions response: <IDEITunesConnectVersionsResponse: 0x13990d4e0; isSuccessful='1', errors='(
)', warnings='(
)', infoMessages='(
)', versions='(
    "<IDEITunesConnectApplicationVersionDescription: 0x13990dc10; name='\U4e3b\U8bb2\U5de5\U4f5c\U53f0', displayableDescription='(null)', platformIdentifier='com.apple.platform.iphoneos', bundleIdentifier='com.gaotu100.speakerhelper', marketingVersion='(null)', shortVersion='1.0.0', version='20210707165517', generations='(\n    \"<IDEITunesConnectGenerationDescription: 0x1399268e0; sliceUUIDs='(null)'>\",\n    \"<IDEITunesConnectGenerationDescription: 0x13991ae30; sliceUUIDs='(\\n    \\\"74b732f2-ef71-3a3f-89c8-c2c50c8dce15\\\",\\n    \\\"eece2e05-7720-3119-9eb8-36066c41436a\\\"\\n)'>\"\n)', imageURL='https://a5.mzstatic.com/us/r30/Purple115/v4/53/a7/d8/53a7d89a-fdcc-dc67-da0a-218ae45c64dd/AppIcon-0-0-1x_U007emarketing-0-0-0-7-0-0-sRGB-0-0-0-GLES2_U002c0-512MB-85-220-0-0.png?downloadKey=1626934003_96d46dc34b297c5d52818f102df3532a', extensions='(\n)', appClips='(\n)', supportedOSVersions='(\n    \"10.0\",\n    \"10.1\",\n    \"10.14\",\n    \"10.15\",\n    \"10.2\",\n    \"10.3\",\n    \"11.0\",\n    \"11.1\",\n    \"11.2\",\n    \"11.3\",\n    \"11.4\",\n    \"12.0\",\n    \"12.1\",\n    \"12.2\",\n    \"12.3\",\n    \"12.4\",\n    \"13.0\",\n    \"13.1\",\n    \"13.2\",\n    \"13.3\",\n    \"13.4\",\n    \"13.5\",\n    \"13.6\",\n    \"13.7\",\n    \"14.0\",\n    \"14.1\",\n    \"14.2\",\n    \"14.3\",\n    \"14.4\",\n    \"14.5\",\n    \"14.6\",\n    \"2.0\",\n    \"2.1\",\n    \"2.2\",\n    \"3.0\",\n    \"3.1\",\n    \"3.2\",\n    \"4.0\",\n    \"4.1\",\n    \"4.2\",\n    \"4.3\",\n    \"5.0\",\n    \"5.1\",\n    \"6.0\",\n    \"6.1\",\n    \"7.0\",\n    \"7.1\",\n    \"8.0\",\n    \"8.1\",\n    \"8.2\",\n    \"8.3\",\n    \"8.4\",\n    \"9.0\",\n    \"9.1\",\n    \"9.2\",\n    \"9.3\",\n    \"9.9\"\n)', supportedDevices='(\n)', wasApprovedForInternalTestFlightDistribution='1', wasApprovedForPrereleaseDistribution='0', wasApprovedForSaleDistribution='0'>",
    "<IDEITunesConnectApplicationVersionDescription: 0x13991c6d0; name='\U4e3b\U8bb2\U5de5\U4f5c\U53f0', displayableDescription='(null)', platformIdentifier='com.apple.platform.iphoneos', bundleIdentifier='com.gaotu100.speakerhelper', marketingVersion='(null)', shortVersion='1.0.0', version='20210712174410', generations='(\n    \"<IDEITunesConnectGenerationDescription: 0x13991c750; sliceUUIDs='(null)'>\",\n    \"<IDEITunesConnectGenerationDescription: 0x139904330; sliceUUIDs='(\\n    \\\"4878fb1b-c531-31d5-bb15-64db289598a8\\\",\\n    \\\"ca8ffb75-621b-304f-bb42-ed52ed0c970d\\\"\\n)'>\"\n)', imageURL='https://a5.mzstatic.com/us/r30/Purple115/v4/53/a7/d8/53a7d89a-fdcc-dc67-da0a-218ae45c64dd/AppIcon-0-0-1x_U007emarketing-0-0-0-7-0-0-sRGB-0-0-0-GLES2_U002c0-512MB-85-220-0-0.png?downloadKey=1626934003_96d46dc34b297c5d52818f102df3532a', extensions='(\n)', appClips='(\n)', supportedOSVersions='(\n    \"10.0\",\n    \"10.1\",\n    \"10.14\",\n    \"10.15\",\n    \"10.2\",\n    \"10.3\",\n    \"11.0\",\n    \"11.1\",\n    \"11.2\",\n    \"11.3\",\n    \"11.4\",\n    \"12.0\",\n    \"12.1\",\n    \"12.2\",\n    \"12.3\",\n    \"12.4\",\n    \"13.0\",\n    \"13.1\",\n    \"13.2\",\n    \"13.3\",\n    \"13.4\",\n    \"13.5\",\n    \"13.6\",\n    \"13.7\",\n    \"14.0\",\n    \"14.1\",\n    \"14.2\",\n    \"14.3\",\n    \"14.4\",\n    \"14.5\",\n    \"14.6\",\n    \"2.0\",\n    \"2.1\",\n    \"2.2\",\n    \"3.0\",\n    \"3.1\",\n    \"3.2\",\n    \"4.0\",\n    \"4.1\",\n    \"4.2\",\n    \"4.3\",\n    \"5.0\",\n    \"5.1\",\n    \"6.0\",\n    \"6.1\",\n    \"7.0\",\n    \"7.1\",\n    \"8.0\",\n    \"8.1\",\n    \"8.2\",\n    \"8.3\",\n    \"8.4\",\n    \"9.0\",\n    \"9.1\",\n    \"9.2\",\n    \"9.3\",\n    \"9.9\"\n)', supportedDevices='(\n)', wasApprovedForInternalTestFlightDistribution='1', wasApprovedForPrereleaseDistribution='0', wasApprovedForSaleDistribution='0'>",
    "<IDEITunesConnectApplicationVersionDescription: 0x13990d6b0; name='\U4e3b\U8bb2\U5de5\U4f5c\U53f0', displayableDescription='(null)', platformIdentifier='com.apple.platform.iphoneos', bundleIdentifier='com.gaotu100.speakerhelper', marketingVersion='(null)', shortVersion='1.0.0', version='20210712140715', generations='(\n    \"<IDEITunesConnectGenerationDescription: 0x139914fb0; sliceUUIDs='(null)'>\",\n    \"<IDEITunesConnectGenerationDescription: 0x139909d70; sliceUUIDs='(\\n    \\\"4878fb1b-c531-31d5-bb15-64db289598a8\\\",\\n    \\\"ca8ffb75-621b-304f-bb42-ed52ed0c970d\\\"\\n)'>\"\n)', imageURL='https://a5.mzstatic.com/us/r30/Purple115/v4/53/a7/d8/53a7d89a-fdcc-dc67-da0a-218ae45c64dd/AppIcon-0-0-1x_U007emarketing-0-0-0-7-0-0-sRGB-0-0-0-GLES2_U002c0-512MB-85-220-0-0.png?downloadKey=1626934003_96d46dc34b297c5d52818f102df3532a', extensions='(\n)', appClips='(\n)', supportedOSVersions='(\n    \"10.0\",\n    \"10.1\",\n    \"10.14\",\n    \"10.15\",\n    \"10.2\",\n    \"10.3\",\n    \"11.0\",\n    \"11.1\",\n    \"11.2\",\n    \"11.3\",\n    \"11.4\",\n    \"12.0\",\n    \"12.1\",\n    \"12.2\",\n    \"12.3\",\n    \"12.4\",\n    \"13.0\",\n    \"13.1\",\n    \"13.2\",\n    \"13.3\",\n    \"13.4\",\n    \"13.5\",\n    \"13.6\",\n    \"13.7\",\n    \"14.0\",\n    \"14.1\",\n    \"14.2\",\n    \"14.3\",\n    \"14.4\",\n    \"14.5\",\n    \"14.6\",\n    \"2.0\",\n    \"2.1\",\n    \"2.2\",\n    \"3.0\",\n    \"3.1\",\n    \"3.2\",\n    \"4.0\",\n    \"4.1\",\n    \"4.2\",\n    \"4.3\",\n    \"5.0\",\n    \"5.1\",\n    \"6.0\",\n    \"6.1\",\n    \"7.0\",\n    \"7.1\",\n    \"8.0\",\n    \"8.1\",\n    \"8.2\",\n    \"8.3\",\n    \"8.4\",\n    \"9.0\",\n    \"9.1\",\n    \"9.2\",\n    \"9.3\",\n    \"9.9\"\n)', supportedDevices='(\n)', wasApprovedForInternalTestFlightDistribution='1', wasApprovedForPrereleaseDistribution='0', wasApprovedForSaleDistribution='0'>",
    "<IDEITunesConnectApplicationVersionDescription: 0x139929080; name='\U4e3b\U8bb2\U5de5\U4f5c\U53f0', displayableDescription='(null)', platformIdentifier='com.apple.platform.iphoneos', bundleIdentifier='com.gaotu100.speakerhelper', marketingVersion='(null)', shortVersion='1.0.0', version='20210713113751', generations='(\n    \"<IDEITunesConnectGenerationDescription: 0x1399079a0; sliceUUIDs='(\\n    \\\"b3c4296a-e0c7-3422-b857-7e5d942cf7a6\\\",\\n    \\\"a9b9c3b6-aec6-32fa-a91b-1d4aa5599f0d\\\"\\n)'>\",\n    \"<IDEITunesConnectGenerationDescription: 0x13990d750; sliceUUIDs='(null)'>\"\n)', imageURL='https://a5.mzstatic.com/us/r30/Purple115/v4/53/a7/d8/53a7d89a-fdcc-dc67-da0a-218ae45c64dd/AppIcon-0-0-1x_U007emarketing-0-0-0-7-0-0-sRGB-0-0-0-GLES2_U002c0-512MB-85-220-0-0.png?downloadKey=1626934003_96d46dc34b297c5d52818f102df3532a', extensions='(\n)', appClips='(\n)', supportedOSVersions='(\n    \"10.0\",\n    \"10.1\",\n    \"10.14\",\n    \"10.15\",\n    \"10.2\",\n    \"10.3\",\n    \"11.0\",\n    \"11.1\",\n    \"11.2\",\n    \"11.3\",\n    \"11.4\",\n    \"12.0\",\n    \"12.1\",\n    \"12.2\",\n    \"12.3\",\n    \"12.4\",\n    \"13.0\",\n    \"13.1\",\n    \"13.2\",\n    \"13.3\",\n    \"13.4\",\n    \"13.5\",\n    \"13.6\",\n    \"13.7\",\n    \"14.0\",\n    \"14.1\",\n    \"14.2\",\n    \"14.3\",\n    \"14.4\",\n    \"14.5\",\n    \"14.6\",\n    \"2.0\",\n    \"2.1\",\n    \"2.2\",\n    \"3.0\",\n    \"3.1\",\n    \"3.2\",\n    \"4.0\",\n    \"4.1\",\n    \"4.2\",\n    \"4.3\",\n    \"5.0\",\n    \"5.1\",\n    \"6.0\",\n    \"6.1\",\n    \"7.0\",\n    \"7.1\",\n    \"8.0\",\n    \"8.1\",\n    \"8.2\",\n    \"8.3\",\n    \"8.4\",\n    \"9.0\",\n    \"9.1\",\n    \"9.2\",\n    \"9.3\",\n    \"9.9\"\n)', supportedDevices='(\n)', wasApprovedForInternalTestFlightDistribution='1', wasApprovedForPrereleaseDistribution='0', wasApprovedForSaleDistribution='0'>",
    "<IDEITunesConnectApplicationVersionDescription: 0x139929100; name='\U4e3b\U8bb2\U5de5\U4f5c\U53f0', displayableDescription='(null)', platformIdentifier='com.apple.platform.iphoneos', bundleIdentifier='com.gaotu100.speakerhelper', marketingVersion='(null)', shortVersion='1.0.0', version='20210712192020', generations='(\n    \"<IDEITunesConnectGenerationDescription: 0x1399094c0; sliceUUIDs='(\\n    \\\"4878fb1b-c531-31d5-bb15-64db289598a8\\\",\\n    \\\"ca8ffb75-621b-304f-bb42-ed52ed0c970d\\\"\\n)'>\",\n    \"<IDEITunesConnectGenerationDescription: 0x139924540; sliceUUIDs='(null)'>\"\n)', imageURL='https://a5.mzstatic.com/us/r30/Purple115/v4/53/a7/d8/53a7d89a-fdcc-dc67-da0a-218ae45c64dd/AppIcon-0-0-1x_U007emarketing-0-0-0-7-0-0-sRGB-0-0-0-GLES2_U002c0-512MB-85-220-0-0.png?downloadKey=1626934003_96d46dc34b297c5d52818f102df3532a', extensions='(\n)', appClips='(\n)', supportedOSVersions='(\n    \"10.0\",\n    \"10.1\",\n    \"10.14\",\n    \"10.15\",\n    \"10.2\",\n    \"10.3\",\n    \"11.0\",\n    \"11.1\",\n    \"11.2\",\n    \"11.3\",\n    \"11.4\",\n    \"12.0\",\n    \"12.1\",\n    \"12.2\",\n    \"12.3\",\n    \"12.4\",\n    \"13.0\",\n    \"13.1\",\n    \"13.2\",\n    \"13.3\",\n    \"13.4\",\n    \"13.5\",\n    \"13.6\",\n    \"13.7\",\n    \"14.0\",\n    \"14.1\",\n    \"14.2\",\n    \"14.3\",\n    \"14.4\",\n    \"14.5\",\n    \"14.6\",\n    \"2.0\",\n    \"2.1\",\n    \"2.2\",\n    \"3.0\",\n    \"3.1\",\n    \"3.2\",\n    \"4.0\",\n    \"4.1\",\n    \"4.2\",\n    \"4.3\",\n    \"5.0\",\n    \"5.1\",\n    \"6.0\",\n    \"6.1\",\n    \"7.0\",\n    \"7.1\",\n    \"8.0\",\n    \"8.1\",\n    \"8.2\",\n    \"8.3\",\n    \"8.4\",\n    \"9.0\",\n    \"9.1\",\n    \"9.2\",\n    \"9.3\",\n    \"9.9\"\n)', supportedDevices='(\n)', wasApprovedForInternalTestFlightDistribution='1', wasApprovedForPrereleaseDistribution='1', wasApprovedForSaleDistribution='0'>"
)'>; error: (null)
2021-07-15 06:06:43 +0000  Will refresh authentication context for Application Loader <<ITunesAuthenticationContextImpl: 0x138f0a6b0>: token: (null), headers: {
    "X-Apple-App-Info" = "com.apple.gs.xcode.auth";
    "X-Apple-GS-Token" = "AAAABLwIAAAAAGDSJdgRDWdzLnhjb2RlLmF1dGi9AAacCXqOmHtU4psloU4DZua+TqdFqQM7swyRV+iqjGuLsxbHMkH2S967EpFN7NcttD3B6BB61DqQ+wqIXrjvdYTS1z2gcMT1A1UHo4jcNtqtC9FSCdf9LDVHhQt7QeOKvKpza8HY+fTZT1sPtuXeFuahmuTJ";
    "X-Apple-I-Client-Time" = "2021-07-15T06:06:42Z";
    "X-Apple-I-Identity-Id" = "000089-08-e2d6fa8c-f38d-4b92-9335-fdb0e1ee3ead";
    "X-Apple-I-Locale" = "en_CN";
    "X-Apple-I-MD" = "AAAABQAAABBGJV6NuAa23TMk4EpeLOQgAAAAAQ==";
    "X-Apple-I-MD-LU" = 7BD8C0C1EF63F4FF4EBE3E538BCE31D766A9DE28FDAD41D7C56C015B0C67ED00;
    "X-Apple-I-MD-M" = "3fVAN1ELR+R0+AXlZDSyJteghKwKcS8uQYN21Faj6+h/pk/E4u7ft9MZf5WmG0JckfTaHtS7R1bX/Y0E";
    "X-Apple-I-MD-RINFO" = 50660608;
    "X-Apple-I-TimeZone" = "GMT+8";
    "X-MMe-Client-Info" = "<MacBookPro17,1> <macOS;11.2;20D53> <com.apple.AuthKit/1 (com.apple.dt.Xcode.ITunesSoftwareService/17715)>";
    "X-Mme-Device-Id" = "12FEAF6C-C954-5F13-AAEF-331D7DB4B611";
}>
2021-07-15 06:06:43 +0000  Refreshed authentication context for Application Loader <<ITunesAuthenticationContextImpl: 0x138f0a6b0>: token: (null), headers: {
    "X-Apple-App-Info" = "com.apple.gs.xcode.auth";
    "X-Apple-GS-Token" = "AAAABLwIAAAAAGDSJdgRDWdzLnhjb2RlLmF1dGi9AAacCXqOmHtU4psloU4DZua+TqdFqQM7swyRV+iqjGuLsxbHMkH2S967EpFN7NcttD3B6BB61DqQ+wqIXrjvdYTS1z2gcMT1A1UHo4jcNtqtC9FSCdf9LDVHhQt7QeOKvKpza8HY+fTZT1sPtuXeFuahmuTJ";
    "X-Apple-I-Client-Time" = "2021-07-15T06:06:43Z";
    "X-Apple-I-Identity-Id" = "000089-08-e2d6fa8c-f38d-4b92-9335-fdb0e1ee3ead";
    "X-Apple-I-Locale" = "en_CN";
    "X-Apple-I-MD" = "AAAABQAAABBGJV6NuAa23TMk4EpeLOQgAAAAAQ==";
    "X-Apple-I-MD-LU" = 7BD8C0C1EF63F4FF4EBE3E538BCE31D766A9DE28FDAD41D7C56C015B0C67ED00;
    "X-Apple-I-MD-M" = "3fVAN1ELR+R0+AXlZDSyJteghKwKcS8uQYN21Faj6+h/pk/E4u7ft9MZf5WmG0JckfTaHtS7R1bX/Y0E";
    "X-Apple-I-MD-RINFO" = 50660608;
    "X-Apple-I-TimeZone" = "GMT+8";
    "X-MMe-Client-Info" = "<MacBookPro17,1> <macOS;11.2;20D53> <com.apple.AuthKit/1 (com.apple.dt.Xcode.ITunesSoftwareService/17715)>";
    "X-Mme-Device-Id" = "12FEAF6C-C954-5F13-AAEF-331D7DB4B611";
}>
2021-07-15 06:06:44 +0000  App Store Connect versions response: <IDEITunesConnectVersionsResponse: 0x139a13350; isSuccessful='1', errors='(
)', warnings='(
)', infoMessages='(
)', versions='(
    "<IDEITunesConnectApplicationVersionDescription: 0x139a12f30; name='\U9ad8\U9014\U4e3b\U8bb2', displayableDescription='(null)', platformIdentifier='com.apple.platform.iphoneos', bundleIdentifier='com.gaotu100.teacher', marketingVersion='(null)', shortVersion='1.0.3', version='1', generations='(\n    \"<IDEITunesConnectGenerationDescription: 0x139a13380; sliceUUIDs='(null)'>\",\n    \"<IDEITunesConnectGenerationDescription: 0x139a07cc0; sliceUUIDs='(\\n    \\\"00f777a6-4768-38f8-a5b6-20168a2f0521\\\"\\n)'>\"\n)', imageURL='(null)', extensions='(\n)', appClips='(\n)', supportedOSVersions='(\n    \"10.0\",\n    \"10.1\",\n    \"10.14\",\n    \"10.15\",\n    \"10.2\",\n    \"10.3\",\n    \"11.0\",\n    \"11.1\",\n    \"11.2\",\n    \"11.3\",\n    \"11.4\",\n    \"12.0\",\n    \"12.1\",\n    \"12.2\",\n    \"12.3\",\n    \"12.4\",\n    \"13.0\",\n    \"13.1\",\n    \"13.2\",\n    \"13.3\",\n    \"13.4\",\n    \"13.5\",\n    \"13.6\",\n    \"13.7\",\n    \"14.0\",\n    \"14.1\",\n    \"14.2\",\n    \"14.3\",\n    \"14.4\",\n    \"14.5\",\n    \"14.6\",\n    \"2.0\",\n    \"2.1\",\n    \"2.2\",\n    \"3.0\",\n    \"3.1\",\n    \"3.2\",\n    \"4.0\",\n    \"4.1\",\n    \"4.2\",\n    \"4.3\",\n    \"5.0\",\n    \"5.1\",\n    \"6.0\",\n    \"6.1\",\n    \"7.0\",\n    \"7.1\",\n    \"8.0\",\n    \"8.1\",\n    \"8.2\",\n    \"8.3\",\n    \"8.4\",\n    \"9.0\",\n    \"9.1\",\n    \"9.2\",\n    \"9.3\",\n    \"9.9\"\n)', supportedDevices='(\n)', wasApprovedForInternalTestFlightDistribution='1', wasApprovedForPrereleaseDistribution='0', wasApprovedForSaleDistribution='0'>",
    "<IDEITunesConnectApplicationVersionDescription: 0x139a0a320; name='\U9ad8\U9014\U4e3b\U8bb2', displayableDescription='(null)', platformIdentifier='com.apple.platform.iphoneos', bundleIdentifier='com.gaotu100.teacher', marketingVersion='(null)', shortVersion='1.0.1', version='1', generations='(\n    \"<IDEITunesConnectGenerationDescription: 0x139a0dee0; sliceUUIDs='(\\n    \\\"7920838e-2596-32ee-ab7c-af9d3b636e5e\\\"\\n)'>\",\n    \"<IDEITunesConnectGenerationDescription: 0x139a0a3a0; sliceUUIDs='(null)'>\"\n)', imageURL='(null)', extensions='(\n)', appClips='(\n)', supportedOSVersions='(\n    \"10.0\",\n    \"10.1\",\n    \"10.14\",\n    \"10.15\",\n    \"10.2\",\n    \"10.3\",\n    \"11.0\",\n    \"11.1\",\n    \"11.2\",\n    \"11.3\",\n    \"11.4\",\n    \"12.0\",\n    \"12.1\",\n    \"12.2\",\n    \"12.3\",\n    \"12.4\",\n    \"13.0\",\n    \"13.1\",\n    \"13.2\",\n    \"13.3\",\n    \"13.4\",\n    \"13.5\",\n    \"13.6\",\n    \"13.7\",\n    \"14.0\",\n    \"14.1\",\n    \"14.2\",\n    \"14.3\",\n    \"14.4\",\n    \"14.5\",\n    \"14.6\",\n    \"2.0\",\n    \"2.1\",\n    \"2.2\",\n    \"3.0\",\n    \"3.1\",\n    \"3.2\",\n    \"4.0\",\n    \"4.1\",\n    \"4.2\",\n    \"4.3\",\n    \"5.0\",\n    \"5.1\",\n    \"6.0\",\n    \"6.1\",\n    \"7.0\",\n    \"7.1\",\n    \"8.0\",\n    \"8.1\",\n    \"8.2\",\n    \"8.3\",\n    \"8.4\",\n    \"9.0\",\n    \"9.1\",\n    \"9.2\",\n    \"9.3\",\n    \"9.9\"\n)', supportedDevices='(\n)', wasApprovedForInternalTestFlightDistribution='1', wasApprovedForPrereleaseDistribution='0', wasApprovedForSaleDistribution='0'>",
    "<IDEITunesConnectApplicationVersionDescription: 0x139a0a410; name='\U9ad8\U9014\U4e3b\U8bb2', displayableDescription='(null)', platformIdentifier='com.apple.platform.iphoneos', bundleIdentifier='com.gaotu100.teacher', marketingVersion='(null)', shortVersion='1.0.2', version='1', generations='(\n    \"<IDEITunesConnectGenerationDescription: 0x139a13040; sliceUUIDs='(null)'>\",\n    \"<IDEITunesConnectGenerationDescription: 0x139a13060; sliceUUIDs='(\\n    \\\"e0ce3ff7-228d-3e74-bcb3-39cfbfc71325\\\"\\n)'>\"\n)', imageURL='(null)', extensions='(\n)', appClips='(\n)', supportedOSVersions='(\n    \"10.0\",\n    \"10.1\",\n    \"10.14\",\n    \"10.15\",\n    \"10.2\",\n    \"10.3\",\n    \"11.0\",\n    \"11.1\",\n    \"11.2\",\n    \"11.3\",\n    \"11.4\",\n    \"12.0\",\n    \"12.1\",\n    \"12.2\",\n    \"12.3\",\n    \"12.4\",\n    \"13.0\",\n    \"13.1\",\n    \"13.2\",\n    \"13.3\",\n    \"13.4\",\n    \"13.5\",\n    \"13.6\",\n    \"13.7\",\n    \"14.0\",\n    \"14.1\",\n    \"14.2\",\n    \"14.3\",\n    \"14.4\",\n    \"14.5\",\n    \"14.6\",\n    \"2.0\",\n    \"2.1\",\n    \"2.2\",\n    \"3.0\",\n    \"3.1\",\n    \"3.2\",\n    \"4.0\",\n    \"4.1\",\n    \"4.2\",\n    \"4.3\",\n    \"5.0\",\n    \"5.1\",\n    \"6.0\",\n    \"6.1\",\n    \"7.0\",\n    \"7.1\",\n    \"8.0\",\n    \"8.1\",\n    \"8.2\",\n    \"8.3\",\n    \"8.4\",\n    \"9.0\",\n    \"9.1\",\n    \"9.2\",\n    \"9.3\",\n    \"9.9\"\n)', supportedDevices='(\n)', wasApprovedForInternalTestFlightDistribution='1', wasApprovedForPrereleaseDistribution='0', wasApprovedForSaleDistribution='0'>",
    "<IDEITunesConnectApplicationVersionDescription: 0x139a130d0; name='\U9ad8\U9014\U4e3b\U8bb2', displayableDescription='(null)', platformIdentifier='com.apple.platform.iphoneos', bundleIdentifier='com.gaotu100.teacher', marketingVersion='(null)', shortVersion='1.0', version='1', generations='(\n    \"<IDEITunesConnectGenerationDescription: 0x139a13150; sliceUUIDs='(\\n    \\\"628d46d2-8bfd-3824-8762-613378d15cce\\\"\\n)'>\",\n    \"<IDEITunesConnectGenerationDescription: 0x139a13170; sliceUUIDs='(null)'>\"\n)', imageURL='(null)', extensions='(\n)', appClips='(\n)', supportedOSVersions='(\n    \"10.0\",\n    \"10.1\",\n    \"10.14\",\n    \"10.15\",\n    \"10.2\",\n    \"10.3\",\n    \"11.0\",\n    \"11.1\",\n    \"11.2\",\n    \"11.3\",\n    \"11.4\",\n    \"12.0\",\n    \"12.1\",\n    \"12.2\",\n    \"12.3\",\n    \"12.4\",\n    \"13.0\",\n    \"13.1\",\n    \"13.2\",\n    \"13.3\",\n    \"13.4\",\n    \"13.5\",\n    \"13.6\",\n    \"13.7\",\n    \"14.0\",\n    \"14.1\",\n    \"14.2\",\n    \"14.3\",\n    \"14.4\",\n    \"14.5\",\n    \"14.6\",\n    \"2.0\",\n    \"2.1\",\n    \"2.2\",\n    \"3.0\",\n    \"3.1\",\n    \"3.2\",\n    \"4.0\",\n    \"4.1\",\n    \"4.2\",\n    \"4.3\",\n    \"5.0\",\n    \"5.1\",\n    \"6.0\",\n    \"6.1\",\n    \"7.0\",\n    \"7.1\",\n    \"8.0\",\n    \"8.1\",\n    \"8.2\",\n    \"8.3\",\n    \"8.4\",\n    \"9.0\",\n    \"9.1\",\n    \"9.2\",\n    \"9.3\",\n    \"9.9\"\n)', supportedDevices='(\n)', wasApprovedForInternalTestFlightDistribution='1', wasApprovedForPrereleaseDistribution='0', wasApprovedForSaleDistribution='0'>"
)'>; error: (null)
2021-07-15 06:06:44 +0000  App Store Connect versions response: <IDEITunesConnectVersionsResponse: 0x139904d90; isSuccessful='1', errors='(
)', warnings='(
)', infoMessages='(
)', versions='(
)'>; error: (null)
2021-07-15 06:06:45 +0000  App Store Connect versions response: <IDEITunesConnectVersionsResponse: 0x138f167c0; isSuccessful='1', errors='(
)', warnings='(
)', infoMessages='(
)', versions='(
    "<IDEITunesConnectApplicationVersionDescription: 0x138f245f0; name='\U9ad8\U9014\U8bfe\U5802-\U540d\U5e08\U51fa\U9ad8\U5f92 \U7f51\U8bfe\U9009\U9ad8\U9014', displayableDescription='(null)', platformIdentifier='com.apple.platform.iphoneos', bundleIdentifier='com.gaotu100.superclass', marketingVersion='(null)', shortVersion='4.24.41', version='20210626145850', generations='(\n    \"<IDEITunesConnectGenerationDescription: 0x138f244b0; sliceUUIDs='(\\n    \\\"a28af17f-c905-3829-b0b3-385c8e939ef4\\\",\\n    \\\"0fbc1fdf-93d2-34a0-83df-95771cb3e38f\\\"\\n)'>\",\n    \"<IDEITunesConnectGenerationDescription: 0x138f0ae10; sliceUUIDs='(null)'>\"\n)', imageURL='https://a4.mzstatic.com/us/r30/Purple115/v4/bc/67/e4/bc67e49e-9d9e-be48-4e73-40301d4537a6/AppIcon-0-0-1x_U007emarketing-0-0-0-7-0-0-sRGB-0-0-0-GLES2_U002c0-512MB-85-220-0-0.png?downloadKey=1626934003_44217a7e7c695d03a97a4bbb46b0d805', extensions='(\n    \"<IDEITunesConnectExtensionVersionDescription: 0x138f236f0; name='NotificationServiceExtension', displayableDescription='(null)', platformIdentifier='com.apple.platform.iphoneos', bundleIdentifier='com.gaotu100.superclass.NotificationServiceExtension', marketingVersion='(null)', shortVersion='4.24.41', version='20210626145850', extensionPointIdentifier='com.apple.usernotifications.service'>\"\n)', appClips='(\n)', supportedOSVersions='(\n    \"10.0\",\n    \"10.1\",\n    \"10.14\",\n    \"10.15\",\n    \"10.2\",\n    \"10.3\",\n    \"11.0\",\n    \"11.1\",\n    \"11.2\",\n    \"11.3\",\n    \"11.4\",\n    \"12.0\",\n    \"12.1\",\n    \"12.2\",\n    \"12.3\",\n    \"12.4\",\n    \"13.0\",\n    \"13.1\",\n    \"13.2\",\n    \"13.3\",\n    \"13.4\",\n    \"13.5\",\n    \"13.6\",\n    \"13.7\",\n    \"14.0\",\n    \"14.1\",\n    \"14.2\",\n    \"14.3\",\n    \"14.4\",\n    \"14.5\",\n    \"14.6\",\n    \"2.0\",\n    \"2.1\",\n    \"2.2\",\n    \"3.0\",\n    \"3.1\",\n    \"3.2\",\n    \"4.0\",\n    \"4.1\",\n    \"4.2\",\n    \"4.3\",\n    \"5.0\",\n    \"5.1\",\n    \"6.0\",\n    \"6.1\",\n    \"7.0\",\n    \"7.1\",\n    \"8.0\",\n    \"8.1\",\n    \"8.2\",\n    \"8.3\",\n    \"8.4\",\n    \"9.0\",\n    \"9.1\",\n    \"9.2\",\n    \"9.3\",\n    \"9.9\"\n)', supportedDevices='(\n)', wasApprovedForInternalTestFlightDistribution='1', wasApprovedForPrereleaseDistribution='1', wasApprovedForSaleDistribution='1'>",
    "<IDEITunesConnectApplicationVersionDescription: 0x138f25fc0; name='\U9ad8\U9014\U8bfe\U5802-\U540d\U5e08\U51fa\U9ad8\U5f92 \U7f51\U8bfe\U9009\U9ad8\U9014', displayableDescription='(null)', platformIdentifier='com.apple.platform.iphoneos', bundleIdentifier='com.gaotu100.superclass', marketingVersion='(null)', shortVersion='4.26.1', version='20210714194756', generations='(\n    \"<IDEITunesConnectGenerationDescription: 0x138f0fa40; sliceUUIDs='(null)'>\",\n    \"<IDEITunesConnectGenerationDescription: 0x138f0e6e0; sliceUUIDs='(\\n    \\\"f69408be-d538-3332-9f52-89a685935235\\\",\\n    \\\"4adac11f-26dd-30a7-b39a-040b706166fd\\\"\\n)'>\"\n)', imageURL='https://a4.mzstatic.com/us/r30/Purple115/v4/bc/67/e4/bc67e49e-9d9e-be48-4e73-40301d4537a6/AppIcon-0-0-1x_U007emarketing-0-0-0-7-0-0-sRGB-0-0-0-GLES2_U002c0-512MB-85-220-0-0.png?downloadKey=1626934003_44217a7e7c695d03a97a4bbb46b0d805', extensions='(\n    \"<IDEITunesConnectExtensionVersionDescription: 0x138f24f80; name='NotificationServiceExtension', displayableDescription='(null)', platformIdentifier='com.apple.platform.iphoneos', bundleIdentifier='com.gaotu100.superclass.NotificationServiceExtension', marketingVersion='(null)', shortVersion='4.26.1', version='20210714194756', extensionPointIdentifier='com.apple.usernotifications.service'>\"\n)', appClips='(\n)', supportedOSVersions='(\n    \"10.0\",\n    \"10.1\",\n    \"10.14\",\n    \"10.15\",\n    \"10.2\",\n    \"10.3\",\n    \"11.0\",\n    \"11.1\",\n    \"11.2\",\n    \"11.3\",\n    \"11.4\",\n    \"12.0\",\n    \"12.1\",\n    \"12.2\",\n    \"12.3\",\n    \"12.4\",\n    \"13.0\",\n    \"13.1\",\n    \"13.2\",\n    \"13.3\",\n    \"13.4\",\n    \"13.5\",\n    \"13.6\",\n    \"13.7\",\n    \"14.0\",\n    \"14.1\",\n    \"14.2\",\n    \"14.3\",\n    \"14.4\",\n    \"14.5\",\n    \"14.6\",\n    \"2.0\",\n    \"2.1\",\n    \"2.2\",\n    \"3.0\",\n    \"3.1\",\n    \"3.2\",\n    \"4.0\",\n    \"4.1\",\n    \"4.2\",\n    \"4.3\",\n    \"5.0\",\n    \"5.1\",\n    \"6.0\",\n    \"6.1\",\n    \"7.0\",\n    \"7.1\",\n    \"8.0\",\n    \"8.1\",\n    \"8.2\",\n    \"8.3\",\n    \"8.4\",\n    \"9.0\",\n    \"9.1\",\n    \"9.2\",\n    \"9.3\",\n    \"9.9\"\n)', supportedDevices='(\n)', wasApprovedForInternalTestFlightDistribution='1', wasApprovedForPrereleaseDistribution='1', wasApprovedForSaleDistribution='0'>",
    "<IDEITunesConnectApplicationVersionDescription: 0x138f225f0; name='\U9ad8\U9014\U8bfe\U5802-\U540d\U5e08\U51fa\U9ad8\U5f92 \U7f51\U8bfe\U9009\U9ad8\U9014', displayableDescription='(null)', platformIdentifier='com.apple.platform.iphoneos', bundleIdentifier='com.gaotu100.superclass', marketingVersion='(null)', shortVersion='4.24.50', version='20210628204317', generations='(\n    \"<IDEITunesConnectGenerationDescription: 0x138f07140; sliceUUIDs='(null)'>\",\n    \"<IDEITunesConnectGenerationDescription: 0x138f24400; sliceUUIDs='(\\n    \\\"7e26f3fd-eb2d-3d5e-b531-0b802190a6fc\\\",\\n    \\\"1ef62d5d-2594-3103-b673-b2d38b07536b\\\"\\n)'>\"\n)', imageURL='https://a4.mzstatic.com/us/r30/Purple115/v4/bc/67/e4/bc67e49e-9d9e-be48-4e73-40301d4537a6/AppIcon-0-0-1x_U007emarketing-0-0-0-7-0-0-sRGB-0-0-0-GLES2_U002c0-512MB-85-220-0-0.png?downloadKey=1626934003_44217a7e7c695d03a97a4bbb46b0d805', extensions='(\n    \"<IDEITunesConnectExtensionVersionDescription: 0x138f24ef0; name='NotificationServiceExtension', displayableDescription='(null)', platformIdentifier='com.apple.platform.iphoneos', bundleIdentifier='com.gaotu100.superclass.NotificationServiceExtension', marketingVersion='(null)', shortVersion='4.24.50', version='20210628204317', extensionPointIdentifier='com.apple.usernotifications.service'>\"\n)', appClips='(\n)', supportedOSVersions='(\n    \"10.0\",\n    \"10.1\",\n    \"10.14\",\n    \"10.15\",\n    \"10.2\",\n    \"10.3\",\n    \"11.0\",\n    \"11.1\",\n    \"11.2\",\n    \"11.3\",\n    \"11.4\",\n    \"12.0\",\n    \"12.1\",\n    \"12.2\",\n    \"12.3\",\n    \"12.4\",\n    \"13.0\",\n    \"13.1\",\n    \"13.2\",\n    \"13.3\",\n    \"13.4\",\n    \"13.5\",\n    \"13.6\",\n    \"13.7\",\n    \"14.0\",\n    \"14.1\",\n    \"14.2\",\n    \"14.3\",\n    \"14.4\",\n    \"14.5\",\n    \"14.6\",\n    \"2.0\",\n    \"2.1\",\n    \"2.2\",\n    \"3.0\",\n    \"3.1\",\n    \"3.2\",\n    \"4.0\",\n    \"4.1\",\n    \"4.2\",\n    \"4.3\",\n    \"5.0\",\n    \"5.1\",\n    \"6.0\",\n    \"6.1\",\n    \"7.0\",\n    \"7.1\",\n    \"8.0\",\n    \"8.1\",\n    \"8.2\",\n    \"8.3\",\n    \"8.4\",\n    \"9.0\",\n    \"9.1\",\n    \"9.2\",\n    \"9.3\",\n    \"9.9\"\n)', supportedDevices='(\n)', wasApprovedForInternalTestFlightDistribution='1', wasApprovedForPrereleaseDistribution='1', wasApprovedForSaleDistribution='1'>",
    "<IDEITunesConnectApplicationVersionDescription: 0x138f15250; name='\U9ad8\U9014\U8bfe\U5802-\U540d\U5e08\U51fa\U9ad8\U5f92 \U7f51\U8bfe\U9009\U9ad8\U9014', displayableDescription='(null)', platformIdentifier='com.apple.platform.iphoneos', bundleIdentifier='com.gaotu100.superclass', marketingVersion='(null)', shortVersion='407000', version='20201104195912', generations='(\n    \"<IDEITunesConnectGenerationDescription: 0x138f152d0; sliceUUIDs='(\\n    \\\"b5de9d4d-861d-316b-a230-6b8d9d334617\\\",\\n    \\\"193089b7-8ef5-3615-890f-8cb39761bd16\\\"\\n)'>\",\n    \"<IDEITunesConnectGenerationDescription: 0x138f04610; sliceUUIDs='(null)'>\"\n)', imageURL='https://a4.mzstatic.com/us/r30/Purple115/v4/bc/67/e4/bc67e49e-9d9e-be48-4e73-40301d4537a6/AppIcon-0-0-1x_U007emarketing-0-0-0-7-0-0-sRGB-0-0-0-GLES2_U002c0-512MB-85-220-0-0.png?downloadKey=1626934003_44217a7e7c695d03a97a4bbb46b0d805', extensions='(\n    \"<IDEITunesConnectExtensionVersionDescription: 0x138f25040; name='NotificationServiceExtension', displayableDescription='(null)', platformIdentifier='com.apple.platform.iphoneos', bundleIdentifier='com.gaotu100.superclass.NotificationServiceExtension', marketingVersion='(null)', shortVersion='4.7.0', version='407000', extensionPointIdentifier='com.apple.usernotifications.service'>\"\n)', appClips='(\n)', supportedOSVersions='(\n    \"9.0\",\n    \"9.1\",\n    \"9.2\",\n    \"9.3\",\n    \"9.9\"\n)', supportedDevices='(\n)', wasApprovedForInternalTestFlightDistribution='1', wasApprovedForPrereleaseDistribution='1', wasApprovedForSaleDistribution='0'>",
    "<IDEITunesConnectApplicationVersionDescription: 0x138f250a0; name='\U9ad8\U9014\U8bfe\U5802-\U540d\U5e08\U51fa\U9ad8\U5f92 \U7f51\U8bfe\U9009\U9ad8\U9014', displayableDescription='(null)', platformIdentifier='com.apple.platform.iphoneos', bundleIdentifier='com.gaotu100.superclass', marketingVersion='(null)', shortVersion='4.26.0', version='142827', generations='(\n    \"<IDEITunesConnectGenerationDescription: 0x138f0f400; sliceUUIDs='(null)'>\",\n    \"<IDEITunesConnectGenerationDescription: 0x138f0f420; sliceUUIDs='(\\n    \\\"b5ac79ed-b958-3447-9e7b-e38ea282987b\\\",\\n    \\\"b4d1bc11-2518-3f3b-b1f9-009f38e8de7f\\\"\\n)'>\"\n)', imageURL='https://a4.mzstatic.com/us/r30/Purple115/v4/bc/67/e4/bc67e49e-9d9e-be48-4e73-40301d4537a6/AppIcon-0-0-1x_U007emarketing-0-0-0-7-0-0-sRGB-0-0-0-GLES2_U002c0-512MB-85-220-0-0.png?downloadKey=1626934003_44217a7e7c695d03a97a4bbb46b0d805', extensions='(\n    \"<IDEITunesConnectExtensionVersionDescription: 0x138f22510; name='NotificationServiceExtension', displayableDescription='(null)', platformIdentifier='com.apple.platform.iphoneos', bundleIdentifier='com.gaotu100.superclass.NotificationServiceExtension', marketingVersion='(null)', shortVersion='4.26.0', version='142827', extensionPointIdentifier='com.apple.usernotifications.service'>\"\n)', appClips='(\n)', supportedOSVersions='(\n    \"10.0\",\n    \"10.1\",\n    \"10.14\",\n    \"10.15\",\n    \"10.2\",\n    \"10.3\",\n    \"11.0\",\n    \"11.1\",\n    \"11.2\",\n    \"11.3\",\n    \"11.4\",\n    \"12.0\",\n    \"12.1\",\n    \"12.2\",\n    \"12.3\",\n    \"12.4\",\n    \"13.0\",\n    \"13.1\",\n    \"13.2\",\n    \"13.3\",\n    \"13.4\",\n    \"13.5\",\n    \"13.6\",\n    \"13.7\",\n    \"14.0\",\n    \"14.1\",\n    \"14.2\",\n    \"14.3\",\n    \"14.4\",\n    \"14.5\",\n    \"14.6\",\n    \"2.0\",\n    \"2.1\",\n    \"2.2\",\n    \"3.0\",\n    \"3.1\",\n    \"3.2\",\n    \"4.0\",\n    \"4.1\",\n    \"4.2\",\n    \"4.3\",\n    \"5.0\",\n    \"5.1\",\n    \"6.0\",\n    \"6.1\",\n    \"7.0\",\n    \"7.1\",\n    \"8.0\",\n    \"8.1\",\n    \"8.2\",\n    \"8.3\",\n    \"8.4\",\n    \"9.0\",\n    \"9.1\",\n    \"9.2\",\n    \"9.3\",\n    \"9.9\"\n)', supportedDevices='(\n)', wasApprovedForInternalTestFlightDistribution='1', wasApprovedForPrereleaseDistribution='0', wasApprovedForSaleDistribution='0'>",
    "<IDEITunesConnectApplicationVersionDescription: 0x138f26090; name='\U9ad8\U9014\U8bfe\U5802-\U540d\U5e08\U51fa\U9ad8\U5f92 \U7f51\U8bfe\U9009\U9ad8\U9014', displayableDescription='(null)', platformIdentifier='com.apple.platform.iphoneos', bundleIdentifier='com.gaotu100.superclass', marketingVersion='(null)', shortVersion='407000', version='20201104194034', generations='(\n    \"<IDEITunesConnectGenerationDescription: 0x138f225a0; sliceUUIDs='(null)'>\",\n    \"<IDEITunesConnectGenerationDescription: 0x138f26110; sliceUUIDs='(\\n    \\\"b5de9d4d-861d-316b-a230-6b8d9d334617\\\",\\n    \\\"193089b7-8ef5-3615-890f-8cb39761bd16\\\"\\n)'>\"\n)', imageURL='https://a4.mzstatic.com/us/r30/Purple115/v4/bc/67/e4/bc67e49e-9d9e-be48-4e73-40301d4537a6/AppIcon-0-0-1x_U007emarketing-0-0-0-7-0-0-sRGB-0-0-0-GLES2_U002c0-512MB-85-220-0-0.png?downloadKey=1626934003_44217a7e7c695d03a97a4bbb46b0d805', extensions='(\n    \"<IDEITunesConnectExtensionVersionDescription: 0x138f17740; name='NotificationServiceExtension', displayableDescription='(null)', platformIdentifier='com.apple.platform.iphoneos', bundleIdentifier='com.gaotu100.superclass.NotificationServiceExtension', marketingVersion='(null)', shortVersion='4.7.0', version='407000', extensionPointIdentifier='com.apple.usernotifications.service'>\"\n)', appClips='(\n)', supportedOSVersions='(\n    \"9.0\",\n    \"9.1\",\n    \"9.2\",\n    \"9.3\",\n    \"9.9\"\n)', supportedDevices='(\n)', wasApprovedForInternalTestFlightDistribution='1', wasApprovedForPrereleaseDistribution='0', wasApprovedForSaleDistribution='0'>",
    "<IDEITunesConnectApplicationVersionDescription: 0x138f177e0; name='\U9ad8\U9014\U8bfe\U5802-\U540d\U5e08\U51fa\U9ad8\U5f92 \U7f51\U8bfe\U9009\U9ad8\U9014', displayableDescription='(null)', platformIdentifier='com.apple.platform.iphoneos', bundleIdentifier='com.gaotu100.superclass', marketingVersion='(null)', shortVersion='4.25.10', version='20210710191125', generations='(\n    \"<IDEITunesConnectGenerationDescription: 0x138f26170; sliceUUIDs='(\\n    \\\"68bc9a43-e41b-375b-aa34-005e070982d1\\\",\\n    \\\"642406c2-55b3-35c5-b48e-9d8a642ec70e\\\"\\n)'>\",\n    \"<IDEITunesConnectGenerationDescription: 0x138f1e060; sliceUUIDs='(null)'>\"\n)', imageURL='https://a4.mzstatic.com/us/r30/Purple115/v4/bc/67/e4/bc67e49e-9d9e-be48-4e73-40301d4537a6/AppIcon-0-0-1x_U007emarketing-0-0-0-7-0-0-sRGB-0-0-0-GLES2_U002c0-512MB-85-220-0-0.png?downloadKey=1626934003_44217a7e7c695d03a97a4bbb46b0d805', extensions='(\n    \"<IDEITunesConnectExtensionVersionDescription: 0x138f1e0a0; name='NotificationServiceExtension', displayableDescription='(null)', platformIdentifier='com.apple.platform.iphoneos', bundleIdentifier='com.gaotu100.superclass.NotificationServiceExtension', marketingVersion='(null)', shortVersion='4.25.10', version='20210710191125', extensionPointIdentifier='com.apple.usernotifications.service'>\"\n)', appClips='(\n)', supportedOSVersions='(\n    \"10.0\",\n    \"10.1\",\n    \"10.14\",\n    \"10.15\",\n    \"10.2\",\n    \"10.3\",\n    \"11.0\",\n    \"11.1\",\n    \"11.2\",\n    \"11.3\",\n    \"11.4\",\n    \"12.0\",\n    \"12.1\",\n    \"12.2\",\n    \"12.3\",\n    \"12.4\",\n    \"13.0\",\n    \"13.1\",\n    \"13.2\",\n    \"13.3\",\n    \"13.4\",\n    \"13.5\",\n    \"13.6\",\n    \"13.7\",\n    \"14.0\",\n    \"14.1\",\n    \"14.2\",\n    \"14.3\",\n    \"14.4\",\n    \"14.5\",\n    \"14.6\",\n    \"2.0\",\n    \"2.1\",\n    \"2.2\",\n    \"3.0\",\n    \"3.1\",\n    \"3.2\",\n    \"4.0\",\n    \"4.1\",\n    \"4.2\",\n    \"4.3\",\n    \"5.0\",\n    \"5.1\",\n    \"6.0\",\n    \"6.1\",\n    \"7.0\",\n    \"7.1\",\n    \"8.0\",\n    \"8.1\",\n    \"8.2\",\n    \"8.3\",\n    \"8.4\",\n    \"9.0\",\n    \"9.1\",\n    \"9.2\",\n    \"9.3\",\n    \"9.9\"\n)', supportedDevices='(\n)', wasApprovedForInternalTestFlightDistribution='1', wasApprovedForPrereleaseDistribution='1', wasApprovedForSaleDistribution='1'>",
    "<IDEITunesConnectApplicationVersionDescription: 0x138f25650; name='\U9ad8\U9014\U8bfe\U5802-\U540d\U5e08\U51fa\U9ad8\U5f92 \U7f51\U8bfe\U9009\U9ad8\U9014', displayableDescription='(null)', platformIdentifier='com.apple.platform.iphoneos', bundleIdentifier='com.gaotu100.superclass', marketingVersion='(null)', shortVersion='4.25.1', version='20210707204746', generations='(\n    \"<IDEITunesConnectGenerationDescription: 0x138f1e130; sliceUUIDs='(\\n    \\\"cedd79e5-2de2-36b5-a002-a252b4998829\\\",\\n    \\\"484d80c6-73bd-322d-9418-59306ab9d72d\\\"\\n)'>\",\n    \"<IDEITunesConnectGenerationDescription: 0x138f256d0; sliceUUIDs='(null)'>\"\n)', imageURL='https://a4.mzstatic.com/us/r30/Purple115/v4/bc/67/e4/bc67e49e-9d9e-be48-4e73-40301d4537a6/AppIcon-0-0-1x_U007emarketing-0-0-0-7-0-0-sRGB-0-0-0-GLES2_U002c0-512MB-85-220-0-0.png?downloadKey=1626934003_44217a7e7c695d03a97a4bbb46b0d805', extensions='(\n    \"<IDEITunesConnectExtensionVersionDescription: 0x138f25710; name='NotificationServiceExtension', displayableDescription='(null)', platformIdentifier='com.apple.platform.iphoneos', bundleIdentifier='com.gaotu100.superclass.NotificationServiceExtension', marketingVersion='(null)', shortVersion='4.25.1', version='20210707204746', extensionPointIdentifier='com.apple.usernotifications.service'>\"\n)', appClips='(\n)', supportedOSVersions='(\n    \"10.0\",\n    \"10.1\",\n    \"10.14\",\n    \"10.15\",\n    \"10.2\",\n    \"10.3\",\n    \"11.0\",\n    \"11.1\",\n    \"11.2\",\n    \"11.3\",\n    \"11.4\",\n    \"12.0\",\n    \"12.1\",\n    \"12.2\",\n    \"12.3\",\n    \"12.4\",\n    \"13.0\",\n    \"13.1\",\n    \"13.2\",\n    \"13.3\",\n    \"13.4\",\n    \"13.5\",\n    \"13.6\",\n    \"13.7\",\n    \"14.0\",\n    \"14.1\",\n    \"14.2\",\n    \"14.3\",\n    \"14.4\",\n    \"14.5\",\n    \"14.6\",\n    \"2.0\",\n    \"2.1\",\n    \"2.2\",\n    \"3.0\",\n    \"3.1\",\n    \"3.2\",\n    \"4.0\",\n    \"4.1\",\n    \"4.2\",\n    \"4.3\",\n    \"5.0\",\n    \"5.1\",\n    \"6.0\",\n    \"6.1\",\n    \"7.0\",\n    \"7.1\",\n    \"8.0\",\n    \"8.1\",\n    \"8.2\",\n    \"8.3\",\n    \"8.4\",\n    \"9.0\",\n    \"9.1\",\n    \"9.2\",\n    \"9.3\",\n    \"9.9\"\n)', supportedDevices='(\n)', wasApprovedForInternalTestFlightDistribution='1', wasApprovedForPrereleaseDistribution='0', wasApprovedForSaleDistribution='1'>",
    "<IDEITunesConnectApplicationVersionDescription: 0x138f0b690; name='\U9ad8\U9014\U8bfe\U5802-\U540d\U5e08\U51fa\U9ad8\U5f92 \U7f51\U8bfe\U9009\U9ad8\U9014', displayableDescription='(null)', platformIdentifier='com.apple.platform.iphoneos', bundleIdentifier='com.gaotu100.superclass', marketingVersion='(null)', shortVersion='4.24.21', version='20210623205327', generations='(\n    \"<IDEITunesConnectGenerationDescription: 0x138f257a0; sliceUUIDs='(\\n    \\\"8b0e8631-1634-35b4-938d-f44026b25e29\\\",\\n    \\\"6d0d64d7-5f32-3426-aaa0-a726276351ff\\\"\\n)'>\",\n    \"<IDEITunesConnectGenerationDescription: 0x138f0b730; sliceUUIDs='(null)'>\"\n)', imageURL='https://a4.mzstatic.com/us/r30/Purple115/v4/bc/67/e4/bc67e49e-9d9e-be48-4e73-40301d4537a6/AppIcon-0-0-1x_U007emarketing-0-0-0-7-0-0-sRGB-0-0-0-GLES2_U002c0-512MB-85-220-0-0.png?downloadKey=1626934003_44217a7e7c695d03a97a4bbb46b0d805', extensions='(\n    \"<IDEITunesConnectExtensionVersionDescription: 0x138f0b770; name='NotificationServiceExtension', displayableDescription='(null)', platformIdentifier='com.apple.platform.iphoneos', bundleIdentifier='com.gaotu100.superclass.NotificationServiceExtension', marketingVersion='(null)', shortVersion='4.24.21', version='20210623205327', extensionPointIdentifier='com.apple.usernotifications.service'>\"\n)', appClips='(\n)', supportedOSVersions='(\n    \"10.0\",\n    \"10.1\",\n    \"10.14\",\n    \"10.15\",\n    \"10.2\",\n    \"10.3\",\n    \"11.0\",\n    \"11.1\",\n    \"11.2\",\n    \"11.3\",\n    \"11.4\",\n    \"12.0\",\n    \"12.1\",\n    \"12.2\",\n    \"12.3\",\n    \"12.4\",\n    \"13.0\",\n    \"13.1\",\n    \"13.2\",\n    \"13.3\",\n    \"13.4\",\n    \"13.5\",\n    \"13.6\",\n    \"13.7\",\n    \"14.0\",\n    \"14.1\",\n    \"14.2\",\n    \"14.3\",\n    \"14.4\",\n    \"14.5\",\n    \"14.6\",\n    \"2.0\",\n    \"2.1\",\n    \"2.2\",\n    \"3.0\",\n    \"3.1\",\n    \"3.2\",\n    \"4.0\",\n    \"4.1\",\n    \"4.2\",\n    \"4.3\",\n    \"5.0\",\n    \"5.1\",\n    \"6.0\",\n    \"6.1\",\n    \"7.0\",\n    \"7.1\",\n    \"8.0\",\n    \"8.1\",\n    \"8.2\",\n    \"8.3\",\n    \"8.4\",\n    \"9.0\",\n    \"9.1\",\n    \"9.2\",\n    \"9.3\",\n    \"9.9\"\n)', supportedDevices='(\n)', wasApprovedForInternalTestFlightDistribution='1', wasApprovedForPrereleaseDistribution='1', wasApprovedForSaleDistribution='1'>",
    "<IDEITunesConnectApplicationVersionDescription: 0x138f263c0; name='\U9ad8\U9014\U8bfe\U5802-\U540d\U5e08\U51fa\U9ad8\U5f92 \U7f51\U8bfe\U9009\U9ad8\U9014', displayableDescription='(null)', platformIdentifier='com.apple.platform.iphoneos', bundleIdentifier='com.gaotu100.superclass', marketingVersion='(null)', shortVersion='4.25.2', version='20210709214545', generations='(\n    \"<IDEITunesConnectGenerationDescription: 0x138f26440; sliceUUIDs='(\\n    \\\"e44bfb61-61c0-3b29-b71c-304930800e8b\\\",\\n    \\\"d92d110b-ced6-3f63-a1c7-2d05660e6e21\\\"\\n)'>\",\n    \"<IDEITunesConnectGenerationDescription: 0x138f26480; sliceUUIDs='(null)'>\"\n)', imageURL='https://a4.mzstatic.com/us/r30/Purple115/v4/bc/67/e4/bc67e49e-9d9e-be48-4e73-40301d4537a6/AppIcon-0-0-1x_U007emarketing-0-0-0-7-0-0-sRGB-0-0-0-GLES2_U002c0-512MB-85-220-0-0.png?downloadKey=1626934003_44217a7e7c695d03a97a4bbb46b0d805', extensions='(\n    \"<IDEITunesConnectExtensionVersionDescription: 0x138f264c0; name='NotificationServiceExtension', displayableDescription='(null)', platformIdentifier='com.apple.platform.iphoneos', bundleIdentifier='com.gaotu100.superclass.NotificationServiceExtension', marketingVersion='(null)', shortVersion='4.25.2', version='20210709214545', extensionPointIdentifier='com.apple.usernotifications.service'>\"\n)', appClips='(\n)', supportedOSVersions='(\n    \"10.0\",\n    \"10.1\",\n    \"10.14\",\n    \"10.15\",\n    \"10.2\",\n    \"10.3\",\n    \"11.0\",\n    \"11.1\",\n    \"11.2\",\n    \"11.3\",\n    \"11.4\",\n    \"12.0\",\n    \"12.1\",\n    \"12.2\",\n    \"12.3\",\n    \"12.4\",\n    \"13.0\",\n    \"13.1\",\n    \"13.2\",\n    \"13.3\",\n    \"13.4\",\n    \"13.5\",\n    \"13.6\",\n    \"13.7\",\n    \"14.0\",\n    \"14.1\",\n    \"14.2\",\n    \"14.3\",\n    \"14.4\",\n    \"14.5\",\n    \"14.6\",\n    \"2.0\",\n    \"2.1\",\n    \"2.2\",\n    \"3.0\",\n    \"3.1\",\n    \"3.2\",\n    \"4.0\",\n    \"4.1\",\n    \"4.2\",\n    \"4.3\",\n    \"5.0\",\n    \"5.1\",\n    \"6.0\",\n    \"6.1\",\n    \"7.0\",\n    \"7.1\",\n    \"8.0\",\n    \"8.1\",\n    \"8.2\",\n    \"8.3\",\n    \"8.4\",\n    \"9.0\",\n    \"9.1\",\n    \"9.2\",\n    \"9.3\",\n    \"9.9\"\n)', supportedDevices='(\n)', wasApprovedForInternalTestFlightDistribution='1', wasApprovedForPrereleaseDistribution='1', wasApprovedForSaleDistribution='0'>"
)'>; error: (null)
2021-07-15 06:06:45 +0000  App Store Connect versions response: <IDEITunesConnectVersionsResponse: 0x139b08f50; isSuccessful='1', errors='(
)', warnings='(
)', infoMessages='(
)', versions='(
    "<IDEITunesConnectApplicationVersionDescription: 0x139b05180; name='GogoTalk\U5c11\U513f\U82f1\U8bed', displayableDescription='(null)', platformIdentifier='com.apple.platform.iphoneos', bundleIdentifier='com.gogo-talk.HarvardEngLishCourse-iPhone', marketingVersion='(null)', shortVersion='2.1.1', version='2.1.1.0', generations='(\n    \"<IDEITunesConnectGenerationDescription: 0x139b082d0; sliceUUIDs='(null)'>\",\n    \"<IDEITunesConnectGenerationDescription: 0x139b09e50; sliceUUIDs='(\\n    \\\"29237f39-7d6d-312c-bc1e-e11ac7fbf251\\\"\\n)'>\"\n)', imageURL='https://a3.mzstatic.com/us/r30/Purple115/v4/40/b0/13/40b013bc-d3ff-70b4-2f28-08fc59f16387/AppIcon-0-0-1x_U007emarketing-0-0-0-7-0-0-sRGB-0-0-0-GLES2_U002c0-512MB-85-220-0-0.png?downloadKey=1626934004_82a249d442f2d7dd0328833d3aa77445', extensions='(\n)', appClips='(\n)', supportedOSVersions='(\n    \"10.0\",\n    \"10.1\",\n    \"10.14\",\n    \"10.15\",\n    \"10.2\",\n    \"10.3\",\n    \"11.0\",\n    \"11.1\",\n    \"11.2\",\n    \"11.3\",\n    \"11.4\",\n    \"12.0\",\n    \"12.1\",\n    \"12.2\",\n    \"12.3\",\n    \"12.4\",\n    \"13.0\",\n    \"13.1\",\n    \"13.2\",\n    \"13.3\",\n    \"13.4\",\n    \"13.5\",\n    \"13.6\",\n    \"13.7\",\n    \"14.0\",\n    \"14.1\",\n    \"14.2\",\n    \"14.3\",\n    \"14.4\",\n    \"14.5\",\n    \"14.6\",\n    \"2.0\",\n    \"2.1\",\n    \"2.2\",\n    \"3.0\",\n    \"3.1\",\n    \"3.2\",\n    \"4.0\",\n    \"4.1\",\n    \"4.2\",\n    \"4.3\",\n    \"5.0\",\n    \"5.1\",\n    \"6.0\",\n    \"6.1\",\n    \"7.0\",\n    \"7.1\",\n    \"8.0\",\n    \"8.1\",\n    \"8.2\",\n    \"8.3\",\n    \"8.4\",\n    \"9.0\",\n    \"9.1\",\n    \"9.2\",\n    \"9.3\",\n    \"9.9\"\n)', supportedDevices='(\n)', wasApprovedForInternalTestFlightDistribution='1', wasApprovedForPrereleaseDistribution='0', wasApprovedForSaleDistribution='0'>",
    "<IDEITunesConnectApplicationVersionDescription: 0x139b09bc0; name='GogoTalk\U5c11\U513f\U82f1\U8bed', displayableDescription='(null)', platformIdentifier='com.apple.platform.iphoneos', bundleIdentifier='com.gogo-talk.HarvardEngLishCourse-iPhone', marketingVersion='(null)', shortVersion='2.1.3', version='2.1.3.0', generations='(\n    \"<IDEITunesConnectGenerationDescription: 0x139b09540; sliceUUIDs='(\\n    \\\"ae95bedd-8d91-3b6c-ab2f-855c680d7778\\\"\\n)'>\",\n    \"<IDEITunesConnectGenerationDescription: 0x139b093c0; sliceUUIDs='(null)'>\"\n)', imageURL='https://a3.mzstatic.com/us/r30/Purple115/v4/40/b0/13/40b013bc-d3ff-70b4-2f28-08fc59f16387/AppIcon-0-0-1x_U007emarketing-0-0-0-7-0-0-sRGB-0-0-0-GLES2_U002c0-512MB-85-220-0-0.png?downloadKey=1626934004_82a249d442f2d7dd0328833d3aa77445', extensions='(\n)', appClips='(\n)', supportedOSVersions='(\n    \"10.0\",\n    \"10.1\",\n    \"10.14\",\n    \"10.15\",\n    \"10.2\",\n    \"10.3\",\n    \"11.0\",\n    \"11.1\",\n    \"11.2\",\n    \"11.3\",\n    \"11.4\",\n    \"12.0\",\n    \"12.1\",\n    \"12.2\",\n    \"12.3\",\n    \"12.4\",\n    \"13.0\",\n    \"13.1\",\n    \"13.2\",\n    \"13.3\",\n    \"13.4\",\n    \"13.5\",\n    \"13.6\",\n    \"13.7\",\n    \"14.0\",\n    \"14.1\",\n    \"14.2\",\n    \"14.3\",\n    \"14.4\",\n    \"14.5\",\n    \"14.6\",\n    \"2.0\",\n    \"2.1\",\n    \"2.2\",\n    \"3.0\",\n    \"3.1\",\n    \"3.2\",\n    \"4.0\",\n    \"4.1\",\n    \"4.2\",\n    \"4.3\",\n    \"5.0\",\n    \"5.1\",\n    \"6.0\",\n    \"6.1\",\n    \"7.0\",\n    \"7.1\",\n    \"8.0\",\n    \"8.1\",\n    \"8.2\",\n    \"8.3\",\n    \"8.4\",\n    \"9.0\",\n    \"9.1\",\n    \"9.2\",\n    \"9.3\",\n    \"9.9\"\n)', supportedDevices='(\n)', wasApprovedForInternalTestFlightDistribution='1', wasApprovedForPrereleaseDistribution='0', wasApprovedForSaleDistribution='1'>",
    "<IDEITunesConnectApplicationVersionDescription: 0x139b09580; name='GogoTalk\U5c11\U513f\U82f1\U8bed', displayableDescription='(null)', platformIdentifier='com.apple.platform.iphoneos', bundleIdentifier='com.gogo-talk.HarvardEngLishCourse-iPhone', marketingVersion='(null)', shortVersion='2.1.1', version='2.1.1.1', generations='(\n    \"<IDEITunesConnectGenerationDescription: 0x139b08e60; sliceUUIDs='(null)'>\",\n    \"<IDEITunesConnectGenerationDescription: 0x139b08ea0; sliceUUIDs='(\\n    \\\"940c24c8-6e35-3453-a443-642f0c557d5d\\\"\\n)'>\"\n)', imageURL='https://a3.mzstatic.com/us/r30/Purple115/v4/40/b0/13/40b013bc-d3ff-70b4-2f28-08fc59f16387/AppIcon-0-0-1x_U007emarketing-0-0-0-7-0-0-sRGB-0-0-0-GLES2_U002c0-512MB-85-220-0-0.png?downloadKey=1626934004_82a249d442f2d7dd0328833d3aa77445', extensions='(\n)', appClips='(\n)', supportedOSVersions='(\n    \"10.0\",\n    \"10.1\",\n    \"10.14\",\n    \"10.15\",\n    \"10.2\",\n    \"10.3\",\n    \"11.0\",\n    \"11.1\",\n    \"11.2\",\n    \"11.3\",\n    \"11.4\",\n    \"12.0\",\n    \"12.1\",\n    \"12.2\",\n    \"12.3\",\n    \"12.4\",\n    \"13.0\",\n    \"13.1\",\n    \"13.2\",\n    \"13.3\",\n    \"13.4\",\n    \"13.5\",\n    \"13.6\",\n    \"13.7\",\n    \"14.0\",\n    \"14.1\",\n    \"14.2\",\n    \"14.3\",\n    \"14.4\",\n    \"14.5\",\n    \"14.6\",\n    \"2.0\",\n    \"2.1\",\n    \"2.2\",\n    \"3.0\",\n    \"3.1\",\n    \"3.2\",\n    \"4.0\",\n    \"4.1\",\n    \"4.2\",\n    \"4.3\",\n    \"5.0\",\n    \"5.1\",\n    \"6.0\",\n    \"6.1\",\n    \"7.0\",\n    \"7.1\",\n    \"8.0\",\n    \"8.1\",\n    \"8.2\",\n    \"8.3\",\n    \"8.4\",\n    \"9.0\",\n    \"9.1\",\n    \"9.2\",\n    \"9.3\",\n    \"9.9\"\n)', supportedDevices='(\n)', wasApprovedForInternalTestFlightDistribution='1', wasApprovedForPrereleaseDistribution='0', wasApprovedForSaleDistribution='1'>",
    "<IDEITunesConnectApplicationVersionDescription: 0x139b09210; name='GogoTalk\U5c11\U513f\U82f1\U8bed', displayableDescription='(null)', platformIdentifier='com.apple.platform.iphoneos', bundleIdentifier='com.gogo-talk.HarvardEngLishCourse-iPhone', marketingVersion='(null)', shortVersion='2.1.4', version='2021504', generations='(\n    \"<IDEITunesConnectGenerationDescription: 0x138e0aa90; sliceUUIDs='(\\n    \\\"716e8fab-61fb-3f36-9fdc-b0f58878aac7\\\",\\n    \\\"91bfed8c-6779-35e4-9e5f-e667aa1f46c6\\\"\\n)'>\",\n    \"<IDEITunesConnectGenerationDescription: 0x138e2f1f0; sliceUUIDs='(null)'>\"\n)', imageURL='https://a3.mzstatic.com/us/r30/Purple115/v4/40/b0/13/40b013bc-d3ff-70b4-2f28-08fc59f16387/AppIcon-0-0-1x_U007emarketing-0-0-0-7-0-0-sRGB-0-0-0-GLES2_U002c0-512MB-85-220-0-0.png?downloadKey=1626934004_82a249d442f2d7dd0328833d3aa77445', extensions='(\n)', appClips='(\n)', supportedOSVersions='(\n    \"10.0\",\n    \"10.1\",\n    \"10.14\",\n    \"10.15\",\n    \"10.2\",\n    \"10.3\",\n    \"11.0\",\n    \"11.1\",\n    \"11.2\",\n    \"11.3\",\n    \"11.4\",\n    \"12.0\",\n    \"12.1\",\n    \"12.2\",\n    \"12.3\",\n    \"12.4\",\n    \"13.0\",\n    \"13.1\",\n    \"13.2\",\n    \"13.3\",\n    \"13.4\",\n    \"13.5\",\n    \"13.6\",\n    \"13.7\",\n    \"14.0\",\n    \"14.1\",\n    \"14.2\",\n    \"14.3\",\n    \"14.4\",\n    \"14.5\",\n    \"14.6\",\n    \"2.0\",\n    \"2.1\",\n    \"2.2\",\n    \"3.0\",\n    \"3.1\",\n    \"3.2\",\n    \"4.0\",\n    \"4.1\",\n    \"4.2\",\n    \"4.3\",\n    \"5.0\",\n    \"5.1\",\n    \"6.0\",\n    \"6.1\",\n    \"7.0\",\n    \"7.1\",\n    \"8.0\",\n    \"8.1\",\n    \"8.2\",\n    \"8.3\",\n    \"8.4\",\n    \"9.0\",\n    \"9.1\",\n    \"9.2\",\n    \"9.3\",\n    \"9.9\"\n)', supportedDevices='(\n)', wasApprovedForInternalTestFlightDistribution='1', wasApprovedForPrereleaseDistribution='0', wasApprovedForSaleDistribution='1'>",
    "<IDEITunesConnectApplicationVersionDescription: 0x138e30fd0; name='GogoTalk\U5c11\U513f\U82f1\U8bed', displayableDescription='(null)', platformIdentifier='com.apple.platform.iphoneos', bundleIdentifier='com.gogo-talk.HarvardEngLishCourse-iPhone', marketingVersion='(null)', shortVersion='2.1.5', version='20210714141231', generations='(\n    \"<IDEITunesConnectGenerationDescription: 0x138e30be0; sliceUUIDs='(\\n    \\\"18879932-0ab9-3d49-ba30-23545b857a83\\\",\\n    \\\"6bbbff70-4cd3-38ad-b2bf-5adef527a032\\\"\\n)'>\",\n    \"<IDEITunesConnectGenerationDescription: 0x138e31810; sliceUUIDs='(null)'>\"\n)', imageURL='https://a3.mzstatic.com/us/r30/Purple115/v4/40/b0/13/40b013bc-d3ff-70b4-2f28-08fc59f16387/AppIcon-0-0-1x_U007emarketing-0-0-0-7-0-0-sRGB-0-0-0-GLES2_U002c0-512MB-85-220-0-0.png?downloadKey=1626934004_82a249d442f2d7dd0328833d3aa77445', extensions='(\n)', appClips='(\n)', supportedOSVersions='(\n    \"10.0\",\n    \"10.1\",\n    \"10.14\",\n    \"10.15\",\n    \"10.2\",\n    \"10.3\",\n    \"11.0\",\n    \"11.1\",\n    \"11.2\",\n    \"11.3\",\n    \"11.4\",\n    \"12.0\",\n    \"12.1\",\n    \"12.2\",\n    \"12.3\",\n    \"12.4\",\n    \"13.0\",\n    \"13.1\",\n    \"13.2\",\n    \"13.3\",\n    \"13.4\",\n    \"13.5\",\n    \"13.6\",\n    \"13.7\",\n    \"14.0\",\n    \"14.1\",\n    \"14.2\",\n    \"14.3\",\n    \"14.4\",\n    \"14.5\",\n    \"14.6\",\n    \"2.0\",\n    \"2.1\",\n    \"2.2\",\n    \"3.0\",\n    \"3.1\",\n    \"3.2\",\n    \"4.0\",\n    \"4.1\",\n    \"4.2\",\n    \"4.3\",\n    \"5.0\",\n    \"5.1\",\n    \"6.0\",\n    \"6.1\",\n    \"7.0\",\n    \"7.1\",\n    \"8.0\",\n    \"8.1\",\n    \"8.2\",\n    \"8.3\",\n    \"8.4\",\n    \"9.0\",\n    \"9.1\",\n    \"9.2\",\n    \"9.3\",\n    \"9.9\"\n)', supportedDevices='(\n)', wasApprovedForInternalTestFlightDistribution='1', wasApprovedForPrereleaseDistribution='0', wasApprovedForSaleDistribution='0'>",
    "<IDEITunesConnectApplicationVersionDescription: 0x138e32070; name='GogoTalk\U5c11\U513f\U82f1\U8bed', displayableDescription='(null)', platformIdentifier='com.apple.platform.iphoneos', bundleIdentifier='com.gogo-talk.HarvardEngLishCourse-iPhone', marketingVersion='(null)', shortVersion='2.1.4', version='2.1.4', generations='(\n    \"<IDEITunesConnectGenerationDescription: 0x138e2f3a0; sliceUUIDs='(null)'>\",\n    \"<IDEITunesConnectGenerationDescription: 0x138e2f3c0; sliceUUIDs='(\\n    \\\"c6bf8600-be4e-3669-9d98-cf3fdef2f0b2\\\"\\n)'>\"\n)', imageURL='https://a3.mzstatic.com/us/r30/Purple115/v4/40/b0/13/40b013bc-d3ff-70b4-2f28-08fc59f16387/AppIcon-0-0-1x_U007emarketing-0-0-0-7-0-0-sRGB-0-0-0-GLES2_U002c0-512MB-85-220-0-0.png?downloadKey=1626934004_82a249d442f2d7dd0328833d3aa77445', extensions='(\n)', appClips='(\n)', supportedOSVersions='(\n    \"10.0\",\n    \"10.1\",\n    \"10.14\",\n    \"10.15\",\n    \"10.2\",\n    \"10.3\",\n    \"11.0\",\n    \"11.1\",\n    \"11.2\",\n    \"11.3\",\n    \"11.4\",\n    \"12.0\",\n    \"12.1\",\n    \"12.2\",\n    \"12.3\",\n    \"12.4\",\n    \"13.0\",\n    \"13.1\",\n    \"13.2\",\n    \"13.3\",\n    \"13.4\",\n    \"13.5\",\n    \"13.6\",\n    \"13.7\",\n    \"14.0\",\n    \"14.1\",\n    \"14.2\",\n    \"14.3\",\n    \"14.4\",\n    \"14.5\",\n    \"14.6\",\n    \"2.0\",\n    \"2.1\",\n    \"2.2\",\n    \"3.0\",\n    \"3.1\",\n    \"3.2\",\n    \"4.0\",\n    \"4.1\",\n    \"4.2\",\n    \"4.3\",\n    \"5.0\",\n    \"5.1\",\n    \"6.0\",\n    \"6.1\",\n    \"7.0\",\n    \"7.1\",\n    \"8.0\",\n    \"8.1\",\n    \"8.2\",\n    \"8.3\",\n    \"8.4\",\n    \"9.0\",\n    \"9.1\",\n    \"9.2\",\n    \"9.3\",\n    \"9.9\"\n)', supportedDevices='(\n)', wasApprovedForInternalTestFlightDistribution='1', wasApprovedForPrereleaseDistribution='0', wasApprovedForSaleDistribution='0'>",
    "<IDEITunesConnectApplicationVersionDescription: 0x138e32120; name='GogoTalk\U5c11\U513f\U82f1\U8bed', displayableDescription='(null)', platformIdentifier='com.apple.platform.iphoneos', bundleIdentifier='com.gogo-talk.HarvardEngLishCourse-iPhone', marketingVersion='(null)', shortVersion='2.1.4', version='2021502', generations='(\n    \"<IDEITunesConnectGenerationDescription: 0x138e321a0; sliceUUIDs='(\\n    \\\"2934ac57-c9ad-3803-8cf6-c3161bad14f0\\\",\\n    \\\"44815de6-921d-3af4-ab41-5b38c3bc40c0\\\"\\n)'>\",\n    \"<IDEITunesConnectGenerationDescription: 0x138e321e0; sliceUUIDs='(null)'>\"\n)', imageURL='https://a3.mzstatic.com/us/r30/Purple115/v4/40/b0/13/40b013bc-d3ff-70b4-2f28-08fc59f16387/AppIcon-0-0-1x_U007emarketing-0-0-0-7-0-0-sRGB-0-0-0-GLES2_U002c0-512MB-85-220-0-0.png?downloadKey=1626934004_82a249d442f2d7dd0328833d3aa77445', extensions='(\n)', appClips='(\n)', supportedOSVersions='(\n    \"10.0\",\n    \"10.1\",\n    \"10.14\",\n    \"10.15\",\n    \"10.2\",\n    \"10.3\",\n    \"11.0\",\n    \"11.1\",\n    \"11.2\",\n    \"11.3\",\n    \"11.4\",\n    \"12.0\",\n    \"12.1\",\n    \"12.2\",\n    \"12.3\",\n    \"12.4\",\n    \"13.0\",\n    \"13.1\",\n    \"13.2\",\n    \"13.3\",\n    \"13.4\",\n    \"13.5\",\n    \"13.6\",\n    \"13.7\",\n    \"14.0\",\n    \"14.1\",\n    \"14.2\",\n    \"14.3\",\n    \"14.4\",\n    \"14.5\",\n    \"14.6\",\n    \"2.0\",\n    \"2.1\",\n    \"2.2\",\n    \"3.0\",\n    \"3.1\",\n    \"3.2\",\n    \"4.0\",\n    \"4.1\",\n    \"4.2\",\n    \"4.3\",\n    \"5.0\",\n    \"5.1\",\n    \"6.0\",\n    \"6.1\",\n    \"7.0\",\n    \"7.1\",\n    \"8.0\",\n    \"8.1\",\n    \"8.2\",\n    \"8.3\",\n    \"8.4\",\n    \"9.0\",\n    \"9.1\",\n    \"9.2\",\n    \"9.3\",\n    \"9.9\"\n)', supportedDevices='(\n)', wasApprovedForInternalTestFlightDistribution='1', wasApprovedForPrereleaseDistribution='0', wasApprovedForSaleDistribution='0'>",
    "<IDEITunesConnectApplicationVersionDescription: 0x138e32250; name='GogoTalk\U5c11\U513f\U82f1\U8bed', displayableDescription='(null)', platformIdentifier='com.apple.platform.iphoneos', bundleIdentifier='com.gogo-talk.HarvardEngLishCourse-iPhone', marketingVersion='(null)', shortVersion='2.1.2', version='2.1.2.1', generations='(\n    \"<IDEITunesConnectGenerationDescription: 0x138e322d0; sliceUUIDs='(\\n    \\\"1f420734-54da-37dd-999e-b21b16c0aae5\\\"\\n)'>\",\n    \"<IDEITunesConnectGenerationDescription: 0x138e322f0; sliceUUIDs='(null)'>\"\n)', imageURL='https://a3.mzstatic.com/us/r30/Purple115/v4/40/b0/13/40b013bc-d3ff-70b4-2f28-08fc59f16387/AppIcon-0-0-1x_U007emarketing-0-0-0-7-0-0-sRGB-0-0-0-GLES2_U002c0-512MB-85-220-0-0.png?downloadKey=1626934004_82a249d442f2d7dd0328833d3aa77445', extensions='(\n)', appClips='(\n)', supportedOSVersions='(\n    \"10.0\",\n    \"10.1\",\n    \"10.14\",\n    \"10.15\",\n    \"10.2\",\n    \"10.3\",\n    \"11.0\",\n    \"11.1\",\n    \"11.2\",\n    \"11.3\",\n    \"11.4\",\n    \"12.0\",\n    \"12.1\",\n    \"12.2\",\n    \"12.3\",\n    \"12.4\",\n    \"13.0\",\n    \"13.1\",\n    \"13.2\",\n    \"13.3\",\n    \"13.4\",\n    \"13.5\",\n    \"13.6\",\n    \"13.7\",\n    \"14.0\",\n    \"14.1\",\n    \"14.2\",\n    \"14.3\",\n    \"14.4\",\n    \"14.5\",\n    \"14.6\",\n    \"2.0\",\n    \"2.1\",\n    \"2.2\",\n    \"3.0\",\n    \"3.1\",\n    \"3.2\",\n    \"4.0\",\n    \"4.1\",\n    \"4.2\",\n    \"4.3\",\n    \"5.0\",\n    \"5.1\",\n    \"6.0\",\n    \"6.1\",\n    \"7.0\",\n    \"7.1\",\n    \"8.0\",\n    \"8.1\",\n    \"8.2\",\n    \"8.3\",\n    \"8.4\",\n    \"9.0\",\n    \"9.1\",\n    \"9.2\",\n    \"9.3\",\n    \"9.9\"\n)', supportedDevices='(\n)', wasApprovedForInternalTestFlightDistribution='1', wasApprovedForPrereleaseDistribution='0', wasApprovedForSaleDistribution='1'>",
    "<IDEITunesConnectApplicationVersionDescription: 0x138e32360; name='GogoTalk\U5c11\U513f\U82f1\U8bed', displayableDescription='(null)', platformIdentifier='com.apple.platform.iphoneos', bundleIdentifier='com.gogo-talk.HarvardEngLishCourse-iPhone', marketingVersion='(null)', shortVersion='2.1.2', version='2.1.2.0', generations='(\n    \"<IDEITunesConnectGenerationDescription: 0x138e323e0; sliceUUIDs='(\\n    \\\"2b4b65ab-dc9c-3dbf-b6b2-5ea12b4fcef1\\\"\\n)'>\",\n    \"<IDEITunesConnectGenerationDescription: 0x138e32400; sliceUUIDs='(null)'>\"\n)', imageURL='https://a3.mzstatic.com/us/r30/Purple115/v4/40/b0/13/40b013bc-d3ff-70b4-2f28-08fc59f16387/AppIcon-0-0-1x_U007emarketing-0-0-0-7-0-0-sRGB-0-0-0-GLES2_U002c0-512MB-85-220-0-0.png?downloadKey=1626934004_82a249d442f2d7dd0328833d3aa77445', extensions='(\n)', appClips='(\n)', supportedOSVersions='(\n    \"10.0\",\n    \"10.1\",\n    \"10.14\",\n    \"10.15\",\n    \"10.2\",\n    \"10.3\",\n    \"11.0\",\n    \"11.1\",\n    \"11.2\",\n    \"11.3\",\n    \"11.4\",\n    \"12.0\",\n    \"12.1\",\n    \"12.2\",\n    \"12.3\",\n    \"12.4\",\n    \"13.0\",\n    \"13.1\",\n    \"13.2\",\n    \"13.3\",\n    \"13.4\",\n    \"13.5\",\n    \"13.6\",\n    \"13.7\",\n    \"14.0\",\n    \"14.1\",\n    \"14.2\",\n    \"14.3\",\n    \"14.4\",\n    \"14.5\",\n    \"14.6\",\n    \"2.0\",\n    \"2.1\",\n    \"2.2\",\n    \"3.0\",\n    \"3.1\",\n    \"3.2\",\n    \"4.0\",\n    \"4.1\",\n    \"4.2\",\n    \"4.3\",\n    \"5.0\",\n    \"5.1\",\n    \"6.0\",\n    \"6.1\",\n    \"7.0\",\n    \"7.1\",\n    \"8.0\",\n    \"8.1\",\n    \"8.2\",\n    \"8.3\",\n    \"8.4\",\n    \"9.0\",\n    \"9.1\",\n    \"9.2\",\n    \"9.3\",\n    \"9.9\"\n)', supportedDevices='(\n)', wasApprovedForInternalTestFlightDistribution='1', wasApprovedForPrereleaseDistribution='0', wasApprovedForSaleDistribution='0'>",
    "<IDEITunesConnectApplicationVersionDescription: 0x138e384e0; name='GogoTalk\U5c11\U513f\U82f1\U8bed', displayableDescription='(null)', platformIdentifier='com.apple.platform.iphoneos', bundleIdentifier='com.gogo-talk.HarvardEngLishCourse-iPhone', marketingVersion='(null)', shortVersion='2.1.5', version='20210714154149', generations='(\n    \"<IDEITunesConnectGenerationDescription: 0x138e38560; sliceUUIDs='(null)'>\",\n    \"<IDEITunesConnectGenerationDescription: 0x138e38580; sliceUUIDs='(\\n    \\\"3b96ec5c-ed4d-3bef-b0b4-bb33743fe1c8\\\",\\n    \\\"4baf8a21-2917-3f2c-870f-2b7f87c3402c\\\"\\n)'>\"\n)', imageURL='https://a3.mzstatic.com/us/r30/Purple115/v4/40/b0/13/40b013bc-d3ff-70b4-2f28-08fc59f16387/AppIcon-0-0-1x_U007emarketing-0-0-0-7-0-0-sRGB-0-0-0-GLES2_U002c0-512MB-85-220-0-0.png?downloadKey=1626934004_82a249d442f2d7dd0328833d3aa77445', extensions='(\n)', appClips='(\n)', supportedOSVersions='(\n    \"10.0\",\n    \"10.1\",\n    \"10.14\",\n    \"10.15\",\n    \"10.2\",\n    \"10.3\",\n    \"11.0\",\n    \"11.1\",\n    \"11.2\",\n    \"11.3\",\n    \"11.4\",\n    \"12.0\",\n    \"12.1\",\n    \"12.2\",\n    \"12.3\",\n    \"12.4\",\n    \"13.0\",\n    \"13.1\",\n    \"13.2\",\n    \"13.3\",\n    \"13.4\",\n    \"13.5\",\n    \"13.6\",\n    \"13.7\",\n    \"14.0\",\n    \"14.1\",\n    \"14.2\",\n    \"14.3\",\n    \"14.4\",\n    \"14.5\",\n    \"14.6\",\n    \"2.0\",\n    \"2.1\",\n    \"2.2\",\n    \"3.0\",\n    \"3.1\",\n    \"3.2\",\n    \"4.0\",\n    \"4.1\",\n    \"4.2\",\n    \"4.3\",\n    \"5.0\",\n    \"5.1\",\n    \"6.0\",\n    \"6.1\",\n    \"7.0\",\n    \"7.1\",\n    \"8.0\",\n    \"8.1\",\n    \"8.2\",\n    \"8.3\",\n    \"8.4\",\n    \"9.0\",\n    \"9.1\",\n    \"9.2\",\n    \"9.3\",\n    \"9.9\"\n)', supportedDevices='(\n)', wasApprovedForInternalTestFlightDistribution='1', wasApprovedForPrereleaseDistribution='0', wasApprovedForSaleDistribution='1'>",
    "<IDEITunesConnectApplicationVersionDescription: 0x138e38610; name='GogoTalk\U5c11\U513f\U82f1\U8bed', displayableDescription='(null)', platformIdentifier='com.apple.platform.iphoneos', bundleIdentifier='com.gogo-talk.HarvardEngLishCourse-iPhone', marketingVersion='(null)', shortVersion='2.1.4', version='2021430', generations='(\n    \"<IDEITunesConnectGenerationDescription: 0x138e38690; sliceUUIDs='(\\n    \\\"c6bf8600-be4e-3669-9d98-cf3fdef2f0b2\\\"\\n)'>\",\n    \"<IDEITunesConnectGenerationDescription: 0x138e386b0; sliceUUIDs='(null)'>\"\n)', imageURL='https://a3.mzstatic.com/us/r30/Purple115/v4/40/b0/13/40b013bc-d3ff-70b4-2f28-08fc59f16387/AppIcon-0-0-1x_U007emarketing-0-0-0-7-0-0-sRGB-0-0-0-GLES2_U002c0-512MB-85-220-0-0.png?downloadKey=1626934004_82a249d442f2d7dd0328833d3aa77445', extensions='(\n)', appClips='(\n)', supportedOSVersions='(\n    \"10.0\",\n    \"10.1\",\n    \"10.14\",\n    \"10.15\",\n    \"10.2\",\n    \"10.3\",\n    \"11.0\",\n    \"11.1\",\n    \"11.2\",\n    \"11.3\",\n    \"11.4\",\n    \"12.0\",\n    \"12.1\",\n    \"12.2\",\n    \"12.3\",\n    \"12.4\",\n    \"13.0\",\n    \"13.1\",\n    \"13.2\",\n    \"13.3\",\n    \"13.4\",\n    \"13.5\",\n    \"13.6\",\n    \"13.7\",\n    \"14.0\",\n    \"14.1\",\n    \"14.2\",\n    \"14.3\",\n    \"14.4\",\n    \"14.5\",\n    \"14.6\",\n    \"2.0\",\n    \"2.1\",\n    \"2.2\",\n    \"3.0\",\n    \"3.1\",\n    \"3.2\",\n    \"4.0\",\n    \"4.1\",\n    \"4.2\",\n    \"4.3\",\n    \"5.0\",\n    \"5.1\",\n    \"6.0\",\n    \"6.1\",\n    \"7.0\",\n    \"7.1\",\n    \"8.0\",\n    \"8.1\",\n    \"8.2\",\n    \"8.3\",\n    \"8.4\",\n    \"9.0\",\n    \"9.1\",\n    \"9.2\",\n    \"9.3\",\n    \"9.9\"\n)', supportedDevices='(\n)', wasApprovedForInternalTestFlightDistribution='1', wasApprovedForPrereleaseDistribution='0', wasApprovedForSaleDistribution='0'>"
)'>; error: (null)
